2026-04-22 21:23:41.117 | INFO     | __main__:train:67 - 开始训练
2026-04-22 21:23:41.117 | INFO     | __main__:train:84 - 第1轮训练开始，训练集开始训练
2026-04-22 21:23:41.472 | INFO     | __main__:train:111 - epoch:1,batch:1,
 loss:2823812.5 
 Res_cont:3.6737417303811526e-06                 
 Res_mx:8.721996209715144e-07 
 Res_my:-2.173021584894741e-06                
 Res_mz:3.933687366952654e-06 
 Res_energy:-3.6995538721384946e-07                 
 Res_k:3.281642436981201 
 Res_omega:1283829.5
2026-04-22 21:23:41.700 | INFO     | __main__:train:111 - epoch:1,batch:2,
 loss:2755367.25 
 Res_cont:3.7332106330723036e-06                 
 Res_mx:9.354588996757229e-07 
 Res_my:-2.2309850464807823e-06                
 Res_mz:3.606078962548054e-06 
 Res_energy:-3.8207264196898905e-07                 
 Res_k:3.279277801513672 
 Res_omega:1281045.0
2026-04-22 21:23:41.815 | INFO     | __main__:train:111 - epoch:1,batch:3,
 loss:3315129.25 
 Res_cont:3.822260623564944e-06                 
 Res_mx:1.0132614534086315e-06 
 Res_my:-2.311332536919508e-06                
 Res_mz:3.2846032809175085e-06 
 Res_energy:-3.957471790272393e-07                 
 Res_k:3.2769088745117188 
 Res_omega:1277860.75
2026-04-22 21:23:41.930 | INFO     | __main__:train:111 - epoch:1,batch:4,
 loss:2806717.5 
 Res_cont:3.914687113137916e-06                 
 Res_mx:1.0974965789500857e-06 
 Res_my:-2.387521817581728e-06                
 Res_mz:2.976047198899323e-06 
 Res_energy:-4.093850805020338e-07                 
 Res_k:3.274550437927246 
 Res_omega:1276523.75
2026-04-22 21:23:42.050 | INFO     | __main__:train:111 - epoch:1,batch:5,
 loss:2980551.75 
 Res_cont:3.96518817069591e-06                 
 Res_mx:1.1401444908187841e-06 
 Res_my:-2.4403748284385074e-06                
 Res_mz:2.6806783353094943e-06 
 Res_energy:-4.193712470623723e-07                 
 Res_k:3.2721927165985107 
 Res_omega:1275117.75
2026-04-22 21:23:42.166 | INFO     | __main__:train:111 - epoch:1,batch:6,
 loss:2940133.25 
 Res_cont:4.07744573749369e-06                 
 Res_mx:1.2155768445154536e-06 
 Res_my:-2.5371350602654275e-06                
 Res_mz:2.371007667534286e-06 
 Res_energy:-4.3514609160411055e-07                 
 Res_k:3.2698323726654053 
 Res_omega:1271218.0
2026-04-22 21:23:42.284 | INFO     | __main__:train:111 - epoch:1,batch:7,
 loss:2831624.25 
 Res_cont:4.090516995347571e-06                 
 Res_mx:1.2437888017302612e-06 
 Res_my:-2.6002899176091887e-06                
 Res_mz:2.116085397574352e-06 
 Res_energy:-4.4269714294387086e-07                 
 Res_k:3.2674732208251953 
 Res_omega:1269611.75
2026-04-22 21:23:42.404 | INFO     | __main__:train:111 - epoch:1,batch:8,
 loss:2913410.25 
 Res_cont:4.205262939649401e-06                 
 Res_mx:1.3185378975322237e-06 
 Res_my:-2.6513409920880804e-06                
 Res_mz:1.7984034457185771e-06 
 Res_energy:-4.551703227662074e-07                 
 Res_k:3.2651076316833496 
 Res_omega:1266326.75
2026-04-22 21:23:42.524 | INFO     | __main__:train:111 - epoch:1,batch:9,
 loss:2951361.0 
 Res_cont:4.261141839378979e-06                 
 Res_mx:1.3548662991524907e-06 
 Res_my:-2.7332923764333827e-06                
 Res_mz:1.5352509308286244e-06 
 Res_energy:-4.65712844288646e-07                 
 Res_k:3.2627463340759277 
 Res_omega:1265104.625
2026-04-22 21:23:42.645 | INFO     | __main__:train:111 - epoch:1,batch:10,
 loss:3019506.25 
 Res_cont:4.321322194300592e-06                 
 Res_mx:1.3949245385447284e-06 
 Res_my:-2.8140261747466866e-06                
 Res_mz:1.2762945971189765e-06 
 Res_energy:-4.753401867674256e-07                 
 Res_k:3.2603769302368164 
 Res_omega:1263936.0
2026-04-22 21:23:42.762 | INFO     | __main__:train:111 - epoch:1,batch:11,
 loss:2803503.5 
 Res_cont:4.362863819551421e-06                 
 Res_mx:1.4141801329969894e-06 
 Res_my:-2.8428480618458707e-06                
 Res_mz:1.0069636573462049e-06 
 Res_energy:-4.801007662535994e-07                 
 Res_k:3.2580065727233887 
 Res_omega:1263132.25
2026-04-22 21:23:42.879 | INFO     | __main__:train:111 - epoch:1,batch:12,
 loss:2946491.0 
 Res_cont:4.48950004283688e-06                 
 Res_mx:1.502407030784525e-06 
 Res_my:-2.9498792173399124e-06                
 Res_mz:7.022327963568387e-07 
 Res_energy:-4.976340051143779e-07                 
 Res_k:3.255624294281006 
 Res_omega:1259221.75
2026-04-22 21:23:42.996 | INFO     | __main__:train:111 - epoch:1,batch:13,
 loss:3091682.5 
 Res_cont:4.5592196329380386e-06                 
 Res_mx:1.5283321772585623e-06 
 Res_my:-2.9755447030765936e-06                
 Res_mz:4.1418252294533886e-07 
 Res_energy:-5.065982691121462e-07                 
 Res_k:3.253248691558838 
 Res_omega:1256936.875
2026-04-22 21:23:43.113 | INFO     | __main__:train:111 - epoch:1,batch:14,
 loss:2752215.5 
 Res_cont:4.660611921281088e-06                 
 Res_mx:1.5943214748403989e-06 
 Res_my:-3.0707956284459215e-06                
 Res_mz:1.307313368670293e-07 
 Res_energy:-5.199659653953859e-07                 
 Res_k:3.250854969024658 
 Res_omega:1256011.75
2026-04-22 21:23:43.231 | INFO     | __main__:train:111 - epoch:1,batch:15,
 loss:2786828.75 
 Res_cont:4.686390184360789e-06                 
 Res_mx:1.6011108527891338e-06 
 Res_my:-3.1071481316757854e-06                
 Res_mz:-1.0957502638575534e-07 
 Res_energy:-5.236461788626912e-07                 
 Res_k:3.248453378677368 
 Res_omega:1252731.0
2026-04-22 21:23:43.349 | INFO     | __main__:train:111 - epoch:1,batch:16,
 loss:2999114.5 
 Res_cont:4.801227532880148e-06                 
 Res_mx:1.6655249055474997e-06 
 Res_my:-3.1531762942904606e-06                
 Res_mz:-4.2579321757330035e-07 
 Res_energy:-5.344458031686372e-07                 
 Res_k:3.2460343837738037 
 Res_omega:1251325.0
2026-04-22 21:23:43.468 | INFO     | __main__:train:111 - epoch:1,batch:17,
 loss:2733722.75 
 Res_cont:4.921505478705512e-06                 
 Res_mx:1.7275283425988164e-06 
 Res_my:-3.2862135412869975e-06                
 Res_mz:-7.081858370838745e-07 
 Res_energy:-5.487038379214937e-07                 
 Res_k:3.2435925006866455 
 Res_omega:1248396.5
2026-04-22 21:23:43.586 | INFO     | __main__:train:111 - epoch:1,batch:18,
 loss:2960579.0 
 Res_cont:5.083102223579772e-06                 
 Res_mx:1.7949548691831296e-06 
 Res_my:-3.306161943328334e-06                
 Res_mz:-1.084583800547989e-06 
 Res_energy:-5.65365667171136e-07                 
 Res_k:3.2411656379699707 
 Res_omega:1245742.5
2026-04-22 21:23:43.704 | INFO     | __main__:train:111 - epoch:1,batch:19,
 loss:2894629.25 
 Res_cont:5.086852070235182e-06                 
 Res_mx:1.8062835351884132e-06 
 Res_my:-3.4051663533318788e-06                
 Res_mz:-1.3045028026681393e-06 
 Res_energy:-5.709550805477193e-07                 
 Res_k:3.2387027740478516 
 Res_omega:1243574.5
2026-04-22 21:23:43.823 | INFO     | __main__:train:111 - epoch:1,batch:20,
 loss:2795999.0 
 Res_cont:5.279604010866024e-06                 
 Res_mx:1.8938881112262607e-06 
 Res_my:-3.4587530990393134e-06                
 Res_mz:-1.6781912108854158e-06 
 Res_energy:-5.854816436112742e-07                 
 Res_k:3.2362303733825684 
 Res_omega:1242732.25
2026-04-22 21:23:43.941 | INFO     | __main__:train:111 - epoch:1,batch:21,
 loss:3025467.75 
 Res_cont:5.34502896698541e-06                 
 Res_mx:1.922364845086122e-06 
 Res_my:-3.5058822049904848e-06                
 Res_mz:-1.991469162021531e-06 
 Res_energy:-5.967532956674404e-07                 
 Res_k:3.2337512969970703 
 Res_omega:1238900.0
2026-04-22 21:23:44.060 | INFO     | __main__:train:111 - epoch:1,batch:22,
 loss:2721204.25 
 Res_cont:5.407963726611342e-06                 
 Res_mx:1.972290647245245e-06 
 Res_my:-3.5564676181820687e-06                
 Res_mz:-2.294710611749906e-06 
 Res_energy:-6.032933015376329e-07                 
 Res_k:3.2312355041503906 
 Res_omega:1235940.5
2026-04-22 21:23:44.178 | INFO     | __main__:train:111 - epoch:1,batch:23,
 loss:2809799.0 
 Res_cont:5.581562618317548e-06                 
 Res_mx:2.0322968339314684e-06 
 Res_my:-3.609746499932953e-06                
 Res_mz:-2.689122993615456e-06 
 Res_energy:-6.204962232914113e-07                 
 Res_k:3.228726863861084 
 Res_omega:1236638.75
2026-04-22 21:23:44.298 | INFO     | __main__:train:111 - epoch:1,batch:24,
 loss:2738937.0 
 Res_cont:5.743025212723296e-06                 
 Res_mx:2.1156176899239654e-06 
 Res_my:-3.716989567692508e-06                
 Res_mz:-3.0654714464617427e-06 
 Res_energy:-6.356935955409426e-07                 
 Res_k:3.2261576652526855 
 Res_omega:1233060.0
2026-04-22 21:23:44.417 | INFO     | __main__:train:111 - epoch:1,batch:25,
 loss:2669409.75 
 Res_cont:5.841902293468593e-06                 
 Res_mx:2.1627747628372163e-06 
 Res_my:-3.776747689698823e-06                
 Res_mz:-3.4228219192300458e-06 
 Res_energy:-6.441982804972213e-07                 
 Res_k:3.223567247390747 
 Res_omega:1231649.25
2026-04-22 21:23:44.544 | INFO     | __main__:train:111 - epoch:1,batch:26,
 loss:2883106.5 
 Res_cont:6.041890628694091e-06                 
 Res_mx:2.2367639758158475e-06 
 Res_my:-3.841249963443261e-06                
 Res_mz:-3.844225375360111e-06 
 Res_energy:-6.60483408410073e-07                 
 Res_k:3.220960855484009 
 Res_omega:1227763.0
2026-04-22 21:23:44.664 | INFO     | __main__:train:111 - epoch:1,batch:27,
 loss:2747745.5 
 Res_cont:6.1475770962715615e-06                 
 Res_mx:2.290407110194792e-06 
 Res_my:-3.907155132765183e-06                
 Res_mz:-4.217382866045227e-06 
 Res_energy:-6.721645604557125e-07                 
 Res_k:3.2183310985565186 
 Res_omega:1226466.75
2026-04-22 21:23:44.783 | INFO     | __main__:train:111 - epoch:1,batch:28,
 loss:2868319.0 
 Res_cont:6.43853400106309e-06                 
 Res_mx:2.394965804342064e-06 
 Res_my:-3.997476142103551e-06                
 Res_mz:-4.7286966946558096e-06 
 Res_energy:-6.940369985386496e-07                 
 Res_k:3.2156708240509033 
 Res_omega:1222769.125
2026-04-22 21:23:44.903 | INFO     | __main__:train:111 - epoch:1,batch:29,
 loss:2697155.0 
 Res_cont:6.6211778175784275e-06                 
 Res_mx:2.458525159454439e-06 
 Res_my:-4.059935690747807e-06                
 Res_mz:-5.180306288821157e-06 
 Res_energy:-7.096208491930156e-07                 
 Res_k:3.2129909992218018 
 Res_omega:1221173.875
2026-04-22 21:23:45.023 | INFO     | __main__:train:111 - epoch:1,batch:30,
 loss:2717910.5 
 Res_cont:6.821780516474973e-06                 
 Res_mx:2.5563988401700044e-06 
 Res_my:-4.135950803174637e-06                
 Res_mz:-5.663911451847525e-06 
 Res_energy:-7.243693289638031e-07                 
 Res_k:3.21025013923645 
 Res_omega:1217867.75
2026-04-22 21:23:45.143 | INFO     | __main__:train:111 - epoch:1,batch:31,
 loss:2688289.0 
 Res_cont:7.015460141701624e-06                 
 Res_mx:2.642165554789244e-06 
 Res_my:-4.239614099788014e-06                
 Res_mz:-6.149378805275774e-06 
 Res_energy:-7.386673814835376e-07                 
 Res_k:3.2074620723724365 
 Res_omega:1215361.0
2026-04-22 21:23:45.264 | INFO     | __main__:train:111 - epoch:1,batch:32,
 loss:2791877.0 
 Res_cont:7.271259619301418e-06                 
 Res_mx:2.7327955649525393e-06 
 Res_my:-4.3374975575716235e-06                
 Res_mz:-6.67783388053067e-06 
 Res_energy:-7.599106197631045e-07                 
 Res_k:3.204681158065796 
 Res_omega:1214579.75
2026-04-22 21:23:45.385 | INFO     | __main__:train:111 - epoch:1,batch:33,
 loss:2652107.75 
 Res_cont:7.603997801197693e-06                 
 Res_mx:2.850521468644729e-06 
 Res_my:-4.448073923413176e-06                
 Res_mz:-7.265936801559292e-06 
 Res_energy:-7.808453119650949e-07                 
 Res_k:3.201824426651001 
 Res_omega:1212029.75
2026-04-22 21:23:45.505 | INFO     | __main__:train:111 - epoch:1,batch:34,
 loss:2854235.0 
 Res_cont:7.952068699523807e-06                 
 Res_mx:2.979463715746533e-06 
 Res_my:-4.565469225781271e-06                
 Res_mz:-7.905548045528121e-06 
 Res_energy:-8.041893124755006e-07                 
 Res_k:3.1989290714263916 
 Res_omega:1208170.25
2026-04-22 21:23:45.626 | INFO     | __main__:train:111 - epoch:1,batch:35,
 loss:2810884.25 
 Res_cont:8.20734931039624e-06                 
 Res_mx:3.0790151868131943e-06 
 Res_my:-4.630628154700389e-06                
 Res_mz:-8.487782906740904e-06 
 Res_energy:-8.228547585531487e-07                 
 Res_k:3.196026563644409 
 Res_omega:1206362.875
2026-04-22 21:23:45.746 | INFO     | __main__:train:111 - epoch:1,batch:36,
 loss:2789699.75 
 Res_cont:8.540455382899381e-06                 
 Res_mx:3.2161237868422177e-06 
 Res_my:-4.788167188962689e-06                
 Res_mz:-9.163271897705272e-06 
 Res_energy:-8.490296750096604e-07                 
 Res_k:3.193046808242798 
 Res_omega:1203202.5
2026-04-22 21:23:45.867 | INFO     | __main__:train:111 - epoch:1,batch:37,
 loss:2798740.0 
 Res_cont:9.047336789080873e-06                 
 Res_mx:3.3760970836738124e-06 
 Res_my:-4.970174813934136e-06                
 Res_mz:-9.906299965223297e-06 
 Res_energy:-8.795609574008267e-07                 
 Res_k:3.1900060176849365 
 Res_omega:1200506.0
2026-04-22 21:23:45.987 | INFO     | __main__:train:111 - epoch:1,batch:38,
 loss:2857272.0 
 Res_cont:9.405919627170078e-06                 
 Res_mx:3.50971959051094e-06 
 Res_my:-5.0531439228507224e-06                
 Res_mz:-1.0627749361447059e-05 
 Res_energy:-9.002296224025486e-07                 
 Res_k:3.186931610107422 
 Res_omega:1197593.0
2026-04-22 21:23:46.108 | INFO     | __main__:train:111 - epoch:1,batch:39,
 loss:2831289.5 
 Res_cont:9.706205673865043e-06                 
 Res_mx:3.64995048585115e-06 
 Res_my:-5.198506642045686e-06                
 Res_mz:-1.1343292499077506e-05 
 Res_energy:-9.214580813932116e-07                 
 Res_k:3.1837759017944336 
 Res_omega:1195365.0
2026-04-22 21:23:46.229 | INFO     | __main__:train:111 - epoch:1,batch:40,
 loss:2645760.0 
 Res_cont:1.0229596227873117e-05                 
 Res_mx:3.8290422708087135e-06 
 Res_my:-5.351499567041174e-06                
 Res_mz:-1.2194779628771357e-05 
 Res_energy:-9.501691238256171e-07                 
 Res_k:3.1805739402770996 
 Res_omega:1192284.75
2026-04-22 21:23:46.351 | INFO     | __main__:train:111 - epoch:1,batch:41,
 loss:2772483.75 
 Res_cont:1.0634061254677363e-05                 
 Res_mx:3.998848114861175e-06 
 Res_my:-5.510116352525074e-06                
 Res_mz:-1.3044560546404682e-05 
 Res_energy:-9.756923873283085e-07                 
 Res_k:3.177293062210083 
 Res_omega:1188022.0
2026-04-22 21:23:46.472 | INFO     | __main__:train:111 - epoch:1,batch:42,
 loss:2617570.25 
 Res_cont:1.129516567743849e-05                 
 Res_mx:4.2315209611842874e-06 
 Res_my:-5.706925549020525e-06                
 Res_mz:-1.4091128832660615e-05 
 Res_energy:-1.0138863899555872e-06                 
 Res_k:3.1739654541015625 
 Res_omega:1186224.375
2026-04-22 21:23:46.594 | INFO     | __main__:train:111 - epoch:1,batch:43,
 loss:2819422.5 
 Res_cont:1.189506656373851e-05                 
 Res_mx:4.449431344255572e-06 
 Res_my:-5.910117124585668e-06                
 Res_mz:-1.5113424524315633e-05 
 Res_energy:-1.0488438419997692e-06                 
 Res_k:3.1705522537231445 
 Res_omega:1183209.625
2026-04-22 21:23:46.715 | INFO     | __main__:train:111 - epoch:1,batch:44,
 loss:2910979.0 
 Res_cont:1.2393820725264959e-05                 
 Res_mx:4.646771685656859e-06 
 Res_my:-6.125849722593557e-06                
 Res_mz:-1.6036439774325117e-05 
 Res_energy:-1.077405272553733e-06                 
 Res_k:3.1670470237731934 
 Res_omega:1177936.75
2026-04-22 21:23:46.840 | INFO     | __main__:train:111 - epoch:1,batch:45,
 loss:2529658.0 
 Res_cont:1.3198113265389111e-05                 
 Res_mx:4.914754299534252e-06 
 Res_my:-6.324653440969996e-06                
 Res_mz:-1.7236980056622997e-05 
 Res_energy:-1.1180916317243828e-06                 
 Res_k:3.1635169982910156 
 Res_omega:1176118.75
2026-04-22 21:23:46.962 | INFO     | __main__:train:111 - epoch:1,batch:46,
 loss:2545677.5 
 Res_cont:1.4055126484890934e-05                 
 Res_mx:5.203792170505039e-06 
 Res_my:-6.614664471271681e-06                
 Res_mz:-1.8538848962634802e-05 
 Res_energy:-1.164420382337994e-06                 
 Res_k:3.159843921661377 
 Res_omega:1172861.375
2026-04-22 21:23:47.085 | INFO     | __main__:train:111 - epoch:1,batch:47,
 loss:2639077.5 
 Res_cont:1.4999593986431137e-05                 
 Res_mx:5.5015148063830566e-06 
 Res_my:-6.919806764926761e-06                
 Res_mz:-1.986712777579669e-05 
 Res_energy:-1.2129153219575528e-06                 
 Res_k:3.1561031341552734 
 Res_omega:1168891.75
2026-04-22 21:23:47.207 | INFO     | __main__:train:111 - epoch:1,batch:48,
 loss:3003135.5 
 Res_cont:1.5878264093771577e-05                 
 Res_mx:5.82276106797508e-06 
 Res_my:-7.165862371039111e-06                
 Res_mz:-2.1290328731993213e-05 
 Res_energy:-1.2586905313582974e-06                 
 Res_k:3.1522669792175293 
 Res_omega:1165071.25
2026-04-22 21:23:47.330 | INFO     | __main__:train:111 - epoch:1,batch:49,
 loss:2811900.0 
 Res_cont:1.6687647075741552e-05                 
 Res_mx:6.136458978289738e-06 
 Res_my:-7.480188287445344e-06                
 Res_mz:-2.26137854042463e-05 
 Res_energy:-1.2995841416341136e-06                 
 Res_k:3.1482701301574707 
 Res_omega:1161466.5
2026-04-22 21:23:47.458 | INFO     | __main__:train:111 - epoch:1,batch:50,
 loss:2594943.25 
 Res_cont:1.7697599105304107e-05                 
 Res_mx:6.50305810268037e-06 
 Res_my:-7.792861651978455e-06                
 Res_mz:-2.422207035124302e-05 
 Res_energy:-1.3557317970480653e-06                 
 Res_k:3.1442999839782715 
 Res_omega:1158103.75
2026-04-22 21:23:47.581 | INFO     | __main__:train:111 - epoch:1,batch:51,
 loss:3057432.0 
 Res_cont:1.891530155262444e-05                 
 Res_mx:6.923638920852682e-06 
 Res_my:-8.182769306586124e-06                
 Res_mz:-2.599835534056183e-05 
 Res_energy:-1.4159072634356562e-06                 
 Res_k:3.1400833129882812 
 Res_omega:1155260.75
2026-04-22 21:23:47.703 | INFO     | __main__:train:111 - epoch:1,batch:52,
 loss:2822319.5 
 Res_cont:2.0211014998494647e-05                 
 Res_mx:7.355895832006354e-06 
 Res_my:-8.558268746128306e-06                
 Res_mz:-2.7833553758682683e-05 
 Res_energy:-1.4774448118259897e-06                 
 Res_k:3.135803699493408 
 Res_omega:1151326.5
2026-04-22 21:23:47.826 | INFO     | __main__:train:111 - epoch:1,batch:53,
 loss:2658777.0 
 Res_cont:2.1497085981536657e-05                 
 Res_mx:7.825573447917122e-06 
 Res_my:-8.986020475276746e-06                
 Res_mz:-2.9685676054214127e-05 
 Res_energy:-1.5420674799315748e-06                 
 Res_k:3.131431818008423 
 Res_omega:1146406.625
2026-04-22 21:23:47.948 | INFO     | __main__:train:111 - epoch:1,batch:54,
 loss:2834746.5 
 Res_cont:2.2729462216375396e-05                 
 Res_mx:8.317664651258383e-06 
 Res_my:-9.34681884245947e-06                
 Res_mz:-3.17300291499123e-05 
 Res_energy:-1.6056910681072623e-06                 
 Res_k:3.126920700073242 
 Res_omega:1144458.75
2026-04-22 21:23:48.070 | INFO     | __main__:train:111 - epoch:1,batch:55,
 loss:2501601.5 
 Res_cont:2.4360288080060855e-05                 
 Res_mx:8.88132126419805e-06 
 Res_my:-9.860875252343249e-06                
 Res_mz:-3.395439125597477e-05 
 Res_energy:-1.6826165847305674e-06                 
 Res_k:3.1222102642059326 
 Res_omega:1140127.0
2026-04-22 21:23:48.193 | INFO     | __main__:train:111 - epoch:1,batch:56,
 loss:2573461.25 
 Res_cont:2.5984676540247165e-05                 
 Res_mx:9.497589417151175e-06 
 Res_my:-1.0369169103796594e-05                
 Res_mz:-3.645696415333077e-05 
 Res_energy:-1.7647028016654076e-06                 
 Res_k:3.1172871589660645 
 Res_omega:1135206.25
2026-04-22 21:23:48.317 | INFO     | __main__:train:111 - epoch:1,batch:57,
 loss:2643841.0 
 Res_cont:2.7588528610067442e-05                 
 Res_mx:1.0122192179551348e-05 
 Res_my:-1.0844370990525931e-05                
 Res_mz:-3.8833637518109754e-05 
 Res_energy:-1.839585934249044e-06                 
 Res_k:3.112250328063965 
 Res_omega:1130408.625
2026-04-22 21:23:48.439 | INFO     | __main__:train:111 - epoch:1,batch:58,
 loss:2515845.5 
 Res_cont:2.969068373204209e-05                 
 Res_mx:1.0867169294215273e-05 
 Res_my:-1.1472184269223362e-05                
 Res_mz:-4.1583865822758526e-05 
 Res_energy:-1.937348770297831e-06                 
 Res_k:3.107114791870117 
 Res_omega:1125511.5
2026-04-22 21:23:48.570 | INFO     | __main__:train:111 - epoch:1,batch:59,
 loss:2564218.75 
 Res_cont:3.1473071430809796e-05                 
 Res_mx:1.1631659617705736e-05 
 Res_my:-1.2031638107146136e-05                
 Res_mz:-4.444850856089033e-05 
 Res_energy:-2.0276922896300675e-06                 
 Res_k:3.1016933917999268 
 Res_omega:1120546.125
2026-04-22 21:23:48.579 | INFO     | __main__:train:156 - epoch:1,
 train_loss_average:2798621.656779661 
             Res_cont_average:1.0070344380006122e-05 
 Res_mx_average:3.643283108331007e-06 
 Res_my_average:-5.039466856742057e-06            
 Res_mz_average:-1.0116580569060562e-05 
 Res_energy_average:-8.706752327024163e-07             
 Res_k_average:3.2043199458364713 
 Res_omega_average:1213139.3283898304
2026-04-22 21:23:48.579 | INFO     | __main__:train:166 - 第1轮训练集训练完成,开始验证集校验工作
2026-04-22 21:23:48.583 | INFO     | __main__:train:183 - epoch:1,batch:1,
 loss:2940307.25 
2026-04-22 21:23:48.585 | INFO     | __main__:train:183 - epoch:1,batch:2,
 loss:2209628.25 
2026-04-22 21:23:48.588 | INFO     | __main__:train:183 - epoch:1,batch:3,
 loss:2736057.0 
2026-04-22 21:23:48.591 | INFO     | __main__:train:183 - epoch:1,batch:4,
 loss:2227800.5 
2026-04-22 21:23:48.594 | INFO     | __main__:train:183 - epoch:1,batch:5,
 loss:2856383.5 
2026-04-22 21:23:48.596 | INFO     | __main__:train:183 - epoch:1,batch:6,
 loss:2235523.5 
2026-04-22 21:23:48.599 | INFO     | __main__:train:183 - epoch:1,batch:7,
 loss:2443160.25 
2026-04-22 21:23:48.601 | INFO     | __main__:train:183 - epoch:1,batch:8,
 loss:2161397.5 
2026-04-22 21:23:48.601 | INFO     | __main__:train:195 - epoch:1,
 val_loss_average:2476282.21875
2026-04-22 21:23:48.601 | INFO     | __main__:train:199 - 第1轮验证集评估完成，开始判断是否保存本轮权重
2026-04-22 21:23:48.608 | INFO     | __main__:train:202 - 第一轮权重已保存
2026-04-22 21:23:48.608 | INFO     | __main__:train:220 - 不保存此轮权重
2026-04-22 21:23:48.608 | INFO     | __main__:train:223 - 开始绘图
