2026-04-22 22:10:37.054 | INFO     | __main__:train:67 - 开始训练
2026-04-22 22:10:37.054 | INFO     | __main__:train:84 - 第1轮训练开始，训练集开始训练
2026-04-22 22:10:37.430 | INFO     | __main__:train:111 - epoch:1,batch:1,
 loss:2823812.5 
 Res_cont:3.6737417303811526e-06                 
 Res_mx:8.721996209715144e-07 
 Res_my:-2.173021584894741e-06                
 Res_mz:3.933687366952654e-06 
 Res_energy:-3.6995538721384946e-07                 
 Res_k:3.281642436981201 
 Res_omega:1283829.5
2026-04-22 22:10:37.660 | INFO     | __main__:train:111 - epoch:1,batch:2,
 loss:2755367.25 
 Res_cont:3.7332106330723036e-06                 
 Res_mx:9.354588996757229e-07 
 Res_my:-2.2309850464807823e-06                
 Res_mz:3.606078962548054e-06 
 Res_energy:-3.8207264196898905e-07                 
 Res_k:3.279277801513672 
 Res_omega:1281045.0
2026-04-22 22:10:37.777 | INFO     | __main__:train:111 - epoch:1,batch:3,
 loss:3315129.25 
 Res_cont:3.822260623564944e-06                 
 Res_mx:1.0132614534086315e-06 
 Res_my:-2.311332536919508e-06                
 Res_mz:3.2846032809175085e-06 
 Res_energy:-3.957471790272393e-07                 
 Res_k:3.2769088745117188 
 Res_omega:1277860.75
2026-04-22 22:10:37.898 | INFO     | __main__:train:111 - epoch:1,batch:4,
 loss:2806717.5 
 Res_cont:3.914687113137916e-06                 
 Res_mx:1.0974965789500857e-06 
 Res_my:-2.387521817581728e-06                
 Res_mz:2.976047198899323e-06 
 Res_energy:-4.093850805020338e-07                 
 Res_k:3.274550437927246 
 Res_omega:1276523.75
2026-04-22 22:10:38.021 | INFO     | __main__:train:111 - epoch:1,batch:5,
 loss:2980551.75 
 Res_cont:3.96518817069591e-06                 
 Res_mx:1.1401444908187841e-06 
 Res_my:-2.4403748284385074e-06                
 Res_mz:2.6806783353094943e-06 
 Res_energy:-4.193712470623723e-07                 
 Res_k:3.2721927165985107 
 Res_omega:1275117.75
2026-04-22 22:10:38.141 | INFO     | __main__:train:111 - epoch:1,batch:6,
 loss:2940133.25 
 Res_cont:4.07744573749369e-06                 
 Res_mx:1.2155768445154536e-06 
 Res_my:-2.5371350602654275e-06                
 Res_mz:2.371007667534286e-06 
 Res_energy:-4.3514609160411055e-07                 
 Res_k:3.2698323726654053 
 Res_omega:1271218.0
2026-04-22 22:10:38.271 | INFO     | __main__:train:111 - epoch:1,batch:7,
 loss:2831624.25 
 Res_cont:4.090516995347571e-06                 
 Res_mx:1.2437888017302612e-06 
 Res_my:-2.6002899176091887e-06                
 Res_mz:2.116085397574352e-06 
 Res_energy:-4.4269714294387086e-07                 
 Res_k:3.2674732208251953 
 Res_omega:1269611.75
2026-04-22 22:10:38.391 | INFO     | __main__:train:111 - epoch:1,batch:8,
 loss:2913410.25 
 Res_cont:4.205262939649401e-06                 
 Res_mx:1.3185378975322237e-06 
 Res_my:-2.6513409920880804e-06                
 Res_mz:1.7984034457185771e-06 
 Res_energy:-4.551703227662074e-07                 
 Res_k:3.2651076316833496 
 Res_omega:1266326.75
2026-04-22 22:10:38.511 | INFO     | __main__:train:111 - epoch:1,batch:9,
 loss:2951361.0 
 Res_cont:4.261141839378979e-06                 
 Res_mx:1.3548662991524907e-06 
 Res_my:-2.7332923764333827e-06                
 Res_mz:1.5352509308286244e-06 
 Res_energy:-4.65712844288646e-07                 
 Res_k:3.2627463340759277 
 Res_omega:1265104.625
2026-04-22 22:10:38.629 | INFO     | __main__:train:111 - epoch:1,batch:10,
 loss:3019506.25 
 Res_cont:4.321322194300592e-06                 
 Res_mx:1.3949245385447284e-06 
 Res_my:-2.8140261747466866e-06                
 Res_mz:1.2762945971189765e-06 
 Res_energy:-4.753401867674256e-07                 
 Res_k:3.2603769302368164 
 Res_omega:1263936.0
2026-04-22 22:10:38.749 | INFO     | __main__:train:111 - epoch:1,batch:11,
 loss:2803503.5 
 Res_cont:4.362863819551421e-06                 
 Res_mx:1.4141801329969894e-06 
 Res_my:-2.8428480618458707e-06                
 Res_mz:1.0069636573462049e-06 
 Res_energy:-4.801007662535994e-07                 
 Res_k:3.2580065727233887 
 Res_omega:1263132.25
2026-04-22 22:10:38.869 | INFO     | __main__:train:111 - epoch:1,batch:12,
 loss:2946491.0 
 Res_cont:4.48950004283688e-06                 
 Res_mx:1.502407030784525e-06 
 Res_my:-2.9498792173399124e-06                
 Res_mz:7.022327963568387e-07 
 Res_energy:-4.976340051143779e-07                 
 Res_k:3.255624294281006 
 Res_omega:1259221.75
2026-04-22 22:10:38.989 | INFO     | __main__:train:111 - epoch:1,batch:13,
 loss:3091682.5 
 Res_cont:4.5592196329380386e-06                 
 Res_mx:1.5283321772585623e-06 
 Res_my:-2.9755447030765936e-06                
 Res_mz:4.1418252294533886e-07 
 Res_energy:-5.065982691121462e-07                 
 Res_k:3.253248691558838 
 Res_omega:1256936.875
2026-04-22 22:10:39.108 | INFO     | __main__:train:111 - epoch:1,batch:14,
 loss:2752215.5 
 Res_cont:4.660611921281088e-06                 
 Res_mx:1.5943214748403989e-06 
 Res_my:-3.0707956284459215e-06                
 Res_mz:1.307313368670293e-07 
 Res_energy:-5.199659653953859e-07                 
 Res_k:3.250854969024658 
 Res_omega:1256011.75
2026-04-22 22:10:39.229 | INFO     | __main__:train:111 - epoch:1,batch:15,
 loss:2786828.75 
 Res_cont:4.686390184360789e-06                 
 Res_mx:1.6011108527891338e-06 
 Res_my:-3.1071481316757854e-06                
 Res_mz:-1.0957502638575534e-07 
 Res_energy:-5.236461788626912e-07                 
 Res_k:3.248453378677368 
 Res_omega:1252731.0
2026-04-22 22:10:39.350 | INFO     | __main__:train:111 - epoch:1,batch:16,
 loss:2999114.5 
 Res_cont:4.801227532880148e-06                 
 Res_mx:1.6655249055474997e-06 
 Res_my:-3.1531762942904606e-06                
 Res_mz:-4.2579321757330035e-07 
 Res_energy:-5.344458031686372e-07                 
 Res_k:3.2460343837738037 
 Res_omega:1251325.0
2026-04-22 22:10:39.470 | INFO     | __main__:train:111 - epoch:1,batch:17,
 loss:2733722.75 
 Res_cont:4.921505478705512e-06                 
 Res_mx:1.7275283425988164e-06 
 Res_my:-3.2862135412869975e-06                
 Res_mz:-7.081858370838745e-07 
 Res_energy:-5.487038379214937e-07                 
 Res_k:3.2435925006866455 
 Res_omega:1248396.5
2026-04-22 22:10:39.588 | INFO     | __main__:train:111 - epoch:1,batch:18,
 loss:2960579.0 
 Res_cont:5.083102223579772e-06                 
 Res_mx:1.7949548691831296e-06 
 Res_my:-3.306161943328334e-06                
 Res_mz:-1.084583800547989e-06 
 Res_energy:-5.65365667171136e-07                 
 Res_k:3.2411656379699707 
 Res_omega:1245742.5
2026-04-22 22:10:39.707 | INFO     | __main__:train:111 - epoch:1,batch:19,
 loss:2894629.25 
 Res_cont:5.086852070235182e-06                 
 Res_mx:1.8062835351884132e-06 
 Res_my:-3.4051663533318788e-06                
 Res_mz:-1.3045028026681393e-06 
 Res_energy:-5.709550805477193e-07                 
 Res_k:3.2387027740478516 
 Res_omega:1243574.5
2026-04-22 22:10:39.825 | INFO     | __main__:train:111 - epoch:1,batch:20,
 loss:2795999.0 
 Res_cont:5.279604010866024e-06                 
 Res_mx:1.8938881112262607e-06 
 Res_my:-3.4587530990393134e-06                
 Res_mz:-1.6781912108854158e-06 
 Res_energy:-5.854816436112742e-07                 
 Res_k:3.2362303733825684 
 Res_omega:1242732.25
2026-04-22 22:10:39.946 | INFO     | __main__:train:111 - epoch:1,batch:21,
 loss:3025467.75 
 Res_cont:5.34502896698541e-06                 
 Res_mx:1.922364845086122e-06 
 Res_my:-3.5058822049904848e-06                
 Res_mz:-1.991469162021531e-06 
 Res_energy:-5.967532956674404e-07                 
 Res_k:3.2337512969970703 
 Res_omega:1238900.0
2026-04-22 22:10:40.068 | INFO     | __main__:train:111 - epoch:1,batch:22,
 loss:2721204.25 
 Res_cont:5.407963726611342e-06                 
 Res_mx:1.972290647245245e-06 
 Res_my:-3.5564676181820687e-06                
 Res_mz:-2.294710611749906e-06 
 Res_energy:-6.032933015376329e-07                 
 Res_k:3.2312355041503906 
 Res_omega:1235940.5
2026-04-22 22:10:40.190 | INFO     | __main__:train:111 - epoch:1,batch:23,
 loss:2809799.0 
 Res_cont:5.581562618317548e-06                 
 Res_mx:2.0322968339314684e-06 
 Res_my:-3.609746499932953e-06                
 Res_mz:-2.689122993615456e-06 
 Res_energy:-6.204962232914113e-07                 
 Res_k:3.228726863861084 
 Res_omega:1236638.75
2026-04-22 22:10:40.312 | INFO     | __main__:train:111 - epoch:1,batch:24,
 loss:2738937.0 
 Res_cont:5.743025212723296e-06                 
 Res_mx:2.1156176899239654e-06 
 Res_my:-3.716989567692508e-06                
 Res_mz:-3.0654714464617427e-06 
 Res_energy:-6.356935955409426e-07                 
 Res_k:3.2261576652526855 
 Res_omega:1233060.0
2026-04-22 22:10:40.434 | INFO     | __main__:train:111 - epoch:1,batch:25,
 loss:2669409.75 
 Res_cont:5.841902293468593e-06                 
 Res_mx:2.1627747628372163e-06 
 Res_my:-3.776747689698823e-06                
 Res_mz:-3.4228219192300458e-06 
 Res_energy:-6.441982804972213e-07                 
 Res_k:3.223567247390747 
 Res_omega:1231649.25
2026-04-22 22:10:40.556 | INFO     | __main__:train:111 - epoch:1,batch:26,
 loss:2883106.5 
 Res_cont:6.041890628694091e-06                 
 Res_mx:2.2367639758158475e-06 
 Res_my:-3.841249963443261e-06                
 Res_mz:-3.844225375360111e-06 
 Res_energy:-6.60483408410073e-07                 
 Res_k:3.220960855484009 
 Res_omega:1227763.0
2026-04-22 22:10:40.680 | INFO     | __main__:train:111 - epoch:1,batch:27,
 loss:2747745.5 
 Res_cont:6.1475770962715615e-06                 
 Res_mx:2.290407110194792e-06 
 Res_my:-3.907155132765183e-06                
 Res_mz:-4.217382866045227e-06 
 Res_energy:-6.721645604557125e-07                 
 Res_k:3.2183310985565186 
 Res_omega:1226466.75
2026-04-22 22:10:40.803 | INFO     | __main__:train:111 - epoch:1,batch:28,
 loss:2868319.0 
 Res_cont:6.43853400106309e-06                 
 Res_mx:2.394965804342064e-06 
 Res_my:-3.997476142103551e-06                
 Res_mz:-4.7286966946558096e-06 
 Res_energy:-6.940369985386496e-07                 
 Res_k:3.2156708240509033 
 Res_omega:1222769.125
2026-04-22 22:10:40.923 | INFO     | __main__:train:111 - epoch:1,batch:29,
 loss:2697155.0 
 Res_cont:6.6211778175784275e-06                 
 Res_mx:2.458525159454439e-06 
 Res_my:-4.059935690747807e-06                
 Res_mz:-5.180306288821157e-06 
 Res_energy:-7.096208491930156e-07                 
 Res_k:3.2129909992218018 
 Res_omega:1221173.875
2026-04-22 22:10:41.043 | INFO     | __main__:train:111 - epoch:1,batch:30,
 loss:2717910.5 
 Res_cont:6.821780516474973e-06                 
 Res_mx:2.5563988401700044e-06 
 Res_my:-4.135950803174637e-06                
 Res_mz:-5.663911451847525e-06 
 Res_energy:-7.243693289638031e-07                 
 Res_k:3.21025013923645 
 Res_omega:1217867.75
2026-04-22 22:10:41.166 | INFO     | __main__:train:111 - epoch:1,batch:31,
 loss:2688289.0 
 Res_cont:7.015460141701624e-06                 
 Res_mx:2.642165554789244e-06 
 Res_my:-4.239614099788014e-06                
 Res_mz:-6.149378805275774e-06 
 Res_energy:-7.386673814835376e-07                 
 Res_k:3.2074620723724365 
 Res_omega:1215361.0
2026-04-22 22:10:41.287 | INFO     | __main__:train:111 - epoch:1,batch:32,
 loss:2791877.0 
 Res_cont:7.271259619301418e-06                 
 Res_mx:2.7327955649525393e-06 
 Res_my:-4.3374975575716235e-06                
 Res_mz:-6.67783388053067e-06 
 Res_energy:-7.599106197631045e-07                 
 Res_k:3.204681158065796 
 Res_omega:1214579.75
2026-04-22 22:10:41.409 | INFO     | __main__:train:111 - epoch:1,batch:33,
 loss:2652107.75 
 Res_cont:7.603997801197693e-06                 
 Res_mx:2.850521468644729e-06 
 Res_my:-4.448073923413176e-06                
 Res_mz:-7.265936801559292e-06 
 Res_energy:-7.808453119650949e-07                 
 Res_k:3.201824426651001 
 Res_omega:1212029.75
2026-04-22 22:10:41.532 | INFO     | __main__:train:111 - epoch:1,batch:34,
 loss:2854235.0 
 Res_cont:7.952068699523807e-06                 
 Res_mx:2.979463715746533e-06 
 Res_my:-4.565469225781271e-06                
 Res_mz:-7.905548045528121e-06 
 Res_energy:-8.041893124755006e-07                 
 Res_k:3.1989290714263916 
 Res_omega:1208170.25
2026-04-22 22:10:41.656 | INFO     | __main__:train:111 - epoch:1,batch:35,
 loss:2810884.25 
 Res_cont:8.20734931039624e-06                 
 Res_mx:3.0790151868131943e-06 
 Res_my:-4.630628154700389e-06                
 Res_mz:-8.487782906740904e-06 
 Res_energy:-8.228547585531487e-07                 
 Res_k:3.196026563644409 
 Res_omega:1206362.875
2026-04-22 22:10:41.778 | INFO     | __main__:train:111 - epoch:1,batch:36,
 loss:2789699.75 
 Res_cont:8.540455382899381e-06                 
 Res_mx:3.2161237868422177e-06 
 Res_my:-4.788167188962689e-06                
 Res_mz:-9.163271897705272e-06 
 Res_energy:-8.490296750096604e-07                 
 Res_k:3.193046808242798 
 Res_omega:1203202.5
2026-04-22 22:10:41.900 | INFO     | __main__:train:111 - epoch:1,batch:37,
 loss:2798740.0 
 Res_cont:9.047336789080873e-06                 
 Res_mx:3.3760970836738124e-06 
 Res_my:-4.970174813934136e-06                
 Res_mz:-9.906299965223297e-06 
 Res_energy:-8.795609574008267e-07                 
 Res_k:3.1900060176849365 
 Res_omega:1200506.0
2026-04-22 22:10:42.022 | INFO     | __main__:train:111 - epoch:1,batch:38,
 loss:2857272.0 
 Res_cont:9.405919627170078e-06                 
 Res_mx:3.50971959051094e-06 
 Res_my:-5.0531439228507224e-06                
 Res_mz:-1.0627749361447059e-05 
 Res_energy:-9.002296224025486e-07                 
 Res_k:3.186931610107422 
 Res_omega:1197593.0
2026-04-22 22:10:42.145 | INFO     | __main__:train:111 - epoch:1,batch:39,
 loss:2831289.5 
 Res_cont:9.706205673865043e-06                 
 Res_mx:3.64995048585115e-06 
 Res_my:-5.198506642045686e-06                
 Res_mz:-1.1343292499077506e-05 
 Res_energy:-9.214580813932116e-07                 
 Res_k:3.1837759017944336 
 Res_omega:1195365.0
2026-04-22 22:10:42.268 | INFO     | __main__:train:111 - epoch:1,batch:40,
 loss:2645760.0 
 Res_cont:1.0229596227873117e-05                 
 Res_mx:3.8290422708087135e-06 
 Res_my:-5.351499567041174e-06                
 Res_mz:-1.2194779628771357e-05 
 Res_energy:-9.501691238256171e-07                 
 Res_k:3.1805739402770996 
 Res_omega:1192284.75
2026-04-22 22:10:42.390 | INFO     | __main__:train:111 - epoch:1,batch:41,
 loss:2772483.75 
 Res_cont:1.0634061254677363e-05                 
 Res_mx:3.998848114861175e-06 
 Res_my:-5.510116352525074e-06                
 Res_mz:-1.3044560546404682e-05 
 Res_energy:-9.756923873283085e-07                 
 Res_k:3.177293062210083 
 Res_omega:1188022.0
2026-04-22 22:10:42.516 | INFO     | __main__:train:111 - epoch:1,batch:42,
 loss:2617570.25 
 Res_cont:1.129516567743849e-05                 
 Res_mx:4.2315209611842874e-06 
 Res_my:-5.706925549020525e-06                
 Res_mz:-1.4091128832660615e-05 
 Res_energy:-1.0138863899555872e-06                 
 Res_k:3.1739654541015625 
 Res_omega:1186224.375
2026-04-22 22:10:42.646 | INFO     | __main__:train:111 - epoch:1,batch:43,
 loss:2819422.5 
 Res_cont:1.189506656373851e-05                 
 Res_mx:4.449431344255572e-06 
 Res_my:-5.910117124585668e-06                
 Res_mz:-1.5113424524315633e-05 
 Res_energy:-1.0488438419997692e-06                 
 Res_k:3.1705522537231445 
 Res_omega:1183209.625
2026-04-22 22:10:42.769 | INFO     | __main__:train:111 - epoch:1,batch:44,
 loss:2910979.0 
 Res_cont:1.2393820725264959e-05                 
 Res_mx:4.646771685656859e-06 
 Res_my:-6.125849722593557e-06                
 Res_mz:-1.6036439774325117e-05 
 Res_energy:-1.077405272553733e-06                 
 Res_k:3.1670470237731934 
 Res_omega:1177936.75
2026-04-22 22:10:42.891 | INFO     | __main__:train:111 - epoch:1,batch:45,
 loss:2529658.0 
 Res_cont:1.3198113265389111e-05                 
 Res_mx:4.914754299534252e-06 
 Res_my:-6.324653440969996e-06                
 Res_mz:-1.7236980056622997e-05 
 Res_energy:-1.1180916317243828e-06                 
 Res_k:3.1635169982910156 
 Res_omega:1176118.75
2026-04-22 22:10:43.013 | INFO     | __main__:train:111 - epoch:1,batch:46,
 loss:2545677.5 
 Res_cont:1.4055126484890934e-05                 
 Res_mx:5.203792170505039e-06 
 Res_my:-6.614664471271681e-06                
 Res_mz:-1.8538848962634802e-05 
 Res_energy:-1.164420382337994e-06                 
 Res_k:3.159843921661377 
 Res_omega:1172861.375
2026-04-22 22:10:43.135 | INFO     | __main__:train:111 - epoch:1,batch:47,
 loss:2639077.5 
 Res_cont:1.4999593986431137e-05                 
 Res_mx:5.5015148063830566e-06 
 Res_my:-6.919806764926761e-06                
 Res_mz:-1.986712777579669e-05 
 Res_energy:-1.2129153219575528e-06                 
 Res_k:3.1561031341552734 
 Res_omega:1168891.75
2026-04-22 22:10:43.259 | INFO     | __main__:train:111 - epoch:1,batch:48,
 loss:3003135.5 
 Res_cont:1.5878264093771577e-05                 
 Res_mx:5.82276106797508e-06 
 Res_my:-7.165862371039111e-06                
 Res_mz:-2.1290328731993213e-05 
 Res_energy:-1.2586905313582974e-06                 
 Res_k:3.1522669792175293 
 Res_omega:1165071.25
2026-04-22 22:10:43.383 | INFO     | __main__:train:111 - epoch:1,batch:49,
 loss:2811900.0 
 Res_cont:1.6687647075741552e-05                 
 Res_mx:6.136458978289738e-06 
 Res_my:-7.480188287445344e-06                
 Res_mz:-2.26137854042463e-05 
 Res_energy:-1.2995841416341136e-06                 
 Res_k:3.1482701301574707 
 Res_omega:1161466.5
2026-04-22 22:10:43.511 | INFO     | __main__:train:111 - epoch:1,batch:50,
 loss:2594943.25 
 Res_cont:1.7697599105304107e-05                 
 Res_mx:6.50305810268037e-06 
 Res_my:-7.792861651978455e-06                
 Res_mz:-2.422207035124302e-05 
 Res_energy:-1.3557317970480653e-06                 
 Res_k:3.1442999839782715 
 Res_omega:1158103.75
2026-04-22 22:10:43.634 | INFO     | __main__:train:111 - epoch:1,batch:51,
 loss:3057432.0 
 Res_cont:1.891530155262444e-05                 
 Res_mx:6.923638920852682e-06 
 Res_my:-8.182769306586124e-06                
 Res_mz:-2.599835534056183e-05 
 Res_energy:-1.4159072634356562e-06                 
 Res_k:3.1400833129882812 
 Res_omega:1155260.75
2026-04-22 22:10:43.762 | INFO     | __main__:train:111 - epoch:1,batch:52,
 loss:2822319.5 
 Res_cont:2.0211014998494647e-05                 
 Res_mx:7.355895832006354e-06 
 Res_my:-8.558268746128306e-06                
 Res_mz:-2.7833553758682683e-05 
 Res_energy:-1.4774448118259897e-06                 
 Res_k:3.135803699493408 
 Res_omega:1151326.5
2026-04-22 22:10:43.887 | INFO     | __main__:train:111 - epoch:1,batch:53,
 loss:2658777.0 
 Res_cont:2.1497085981536657e-05                 
 Res_mx:7.825573447917122e-06 
 Res_my:-8.986020475276746e-06                
 Res_mz:-2.9685676054214127e-05 
 Res_energy:-1.5420674799315748e-06                 
 Res_k:3.131431818008423 
 Res_omega:1146406.625
2026-04-22 22:10:44.012 | INFO     | __main__:train:111 - epoch:1,batch:54,
 loss:2834746.5 
 Res_cont:2.2729462216375396e-05                 
 Res_mx:8.317664651258383e-06 
 Res_my:-9.34681884245947e-06                
 Res_mz:-3.17300291499123e-05 
 Res_energy:-1.6056910681072623e-06                 
 Res_k:3.126920700073242 
 Res_omega:1144458.75
2026-04-22 22:10:44.142 | INFO     | __main__:train:111 - epoch:1,batch:55,
 loss:2501601.5 
 Res_cont:2.4360288080060855e-05                 
 Res_mx:8.88132126419805e-06 
 Res_my:-9.860875252343249e-06                
 Res_mz:-3.395439125597477e-05 
 Res_energy:-1.6826165847305674e-06                 
 Res_k:3.1222102642059326 
 Res_omega:1140127.0
2026-04-22 22:10:44.270 | INFO     | __main__:train:111 - epoch:1,batch:56,
 loss:2573461.25 
 Res_cont:2.5984676540247165e-05                 
 Res_mx:9.497589417151175e-06 
 Res_my:-1.0369169103796594e-05                
 Res_mz:-3.645696415333077e-05 
 Res_energy:-1.7647028016654076e-06                 
 Res_k:3.1172871589660645 
 Res_omega:1135206.25
2026-04-22 22:10:44.395 | INFO     | __main__:train:111 - epoch:1,batch:57,
 loss:2643841.0 
 Res_cont:2.7588528610067442e-05                 
 Res_mx:1.0122192179551348e-05 
 Res_my:-1.0844370990525931e-05                
 Res_mz:-3.8833637518109754e-05 
 Res_energy:-1.839585934249044e-06                 
 Res_k:3.112250328063965 
 Res_omega:1130408.625
2026-04-22 22:10:44.521 | INFO     | __main__:train:111 - epoch:1,batch:58,
 loss:2515845.5 
 Res_cont:2.969068373204209e-05                 
 Res_mx:1.0867169294215273e-05 
 Res_my:-1.1472184269223362e-05                
 Res_mz:-4.1583865822758526e-05 
 Res_energy:-1.937348770297831e-06                 
 Res_k:3.107114791870117 
 Res_omega:1125511.5
2026-04-22 22:10:44.656 | INFO     | __main__:train:111 - epoch:1,batch:59,
 loss:2564218.75 
 Res_cont:3.1473071430809796e-05                 
 Res_mx:1.1631659617705736e-05 
 Res_my:-1.2031638107146136e-05                
 Res_mz:-4.444850856089033e-05 
 Res_energy:-2.0276922896300675e-06                 
 Res_k:3.1016933917999268 
 Res_omega:1120546.125
2026-04-22 22:10:44.665 | INFO     | __main__:train:156 - epoch:1,
 train_loss_average:2798621.656779661 
             Res_cont_average:1.0070344380006122e-05 
 Res_mx_average:3.643283108331007e-06 
 Res_my_average:-5.039466856742057e-06            
 Res_mz_average:-1.0116580569060562e-05 
 Res_energy_average:-8.706752327024163e-07             
 Res_k_average:3.2043199458364713 
 Res_omega_average:1213139.3283898304
2026-04-22 22:10:44.665 | INFO     | __main__:train:166 - 第1轮训练集训练完成,开始验证集校验工作
2026-04-22 22:10:44.670 | INFO     | __main__:train:183 - epoch:1,batch:1,
 loss:2940307.25 
2026-04-22 22:10:44.672 | INFO     | __main__:train:183 - epoch:1,batch:2,
 loss:2209628.25 
2026-04-22 22:10:44.675 | INFO     | __main__:train:183 - epoch:1,batch:3,
 loss:2736057.0 
2026-04-22 22:10:44.677 | INFO     | __main__:train:183 - epoch:1,batch:4,
 loss:2227800.5 
2026-04-22 22:10:44.680 | INFO     | __main__:train:183 - epoch:1,batch:5,
 loss:2856383.5 
2026-04-22 22:10:44.682 | INFO     | __main__:train:183 - epoch:1,batch:6,
 loss:2235523.5 
2026-04-22 22:10:44.685 | INFO     | __main__:train:183 - epoch:1,batch:7,
 loss:2443160.25 
2026-04-22 22:10:44.687 | INFO     | __main__:train:183 - epoch:1,batch:8,
 loss:2161397.5 
2026-04-22 22:10:44.688 | INFO     | __main__:train:195 - epoch:1,
 val_loss_average:2476282.21875
2026-04-22 22:10:44.688 | INFO     | __main__:train:199 - 第1轮验证集评估完成，开始判断是否保存本轮权重
2026-04-22 22:10:44.694 | INFO     | __main__:train:202 - 第一轮权重已保存
2026-04-22 22:10:44.694 | INFO     | __main__:train:220 - 不保存此轮权重
2026-04-22 22:10:44.694 | INFO     | __main__:train:223 - 开始绘图
2026-04-22 22:10:45.151 | INFO     | __main__:train:226 - 绘图完成
2026-04-22 22:10:45.151 | INFO     | __main__:train:227 - 第1轮训练全部完成
2026-04-22 22:10:45.152 | INFO     | __main__:train:84 - 第2轮训练开始，训练集开始训练
2026-04-22 22:10:45.276 | INFO     | __main__:train:111 - epoch:2,batch:1,
 loss:2687634.5 
 Res_cont:3.403193113626912e-05                 
 Res_mx:1.2501346645876765e-05 
 Res_my:-1.2818984941986855e-05                
 Res_mz:-4.770271334564313e-05 
 Res_energy:-2.1407265649031615e-06                 
 Res_k:3.095953941345215 
 Res_omega:1114561.625
2026-04-22 22:10:45.402 | INFO     | __main__:train:111 - epoch:2,batch:2,
 loss:2952046.25 
 Res_cont:3.637068948592059e-05                 
 Res_mx:1.3449197467707563e-05 
 Res_my:-1.3548896276915912e-05                
 Res_mz:-5.0945120165124536e-05 
 Res_energy:-2.250268153147772e-06                 
 Res_k:3.0901718139648438 
 Res_omega:1111566.25
2026-04-22 22:10:45.531 | INFO     | __main__:train:111 - epoch:2,batch:3,
 loss:2528659.75 
 Res_cont:3.895025292877108e-05                 
 Res_mx:1.4435923731070943e-05 
 Res_my:-1.429319308954291e-05                
 Res_mz:-5.461449836730026e-05 
 Res_energy:-2.3693071398156462e-06                 
 Res_k:3.0841119289398193 
 Res_omega:1105820.625
2026-04-22 22:10:45.653 | INFO     | __main__:train:111 - epoch:2,batch:4,
 loss:2434709.25 
 Res_cont:4.1752886318136007e-05                 
 Res_mx:1.5555951904389076e-05 
 Res_my:-1.5107108993106522e-05                
 Res_mz:-5.857828364241868e-05 
 Res_energy:-2.500440132280346e-06                 
 Res_k:3.0778563022613525 
 Res_omega:1100771.25
2026-04-22 22:10:45.778 | INFO     | __main__:train:111 - epoch:2,batch:5,
 loss:2454795.5 
 Res_cont:4.456259557628073e-05                 
 Res_mx:1.6752786905271932e-05 
 Res_my:-1.596682886884082e-05                
 Res_mz:-6.254866457311437e-05 
 Res_energy:-2.629815753607545e-06                 
 Res_k:3.0713019371032715 
 Res_omega:1094551.75
2026-04-22 22:10:45.901 | INFO     | __main__:train:111 - epoch:2,batch:6,
 loss:2640335.5 
 Res_cont:4.8235033318633214e-05                 
 Res_mx:1.8120661479770206e-05 
 Res_my:-1.70782623172272e-05                
 Res_mz:-6.69539876980707e-05 
 Res_energy:-2.784377556963591e-06                 
 Res_k:3.06445050239563 
 Res_omega:1088384.75
2026-04-22 22:10:46.030 | INFO     | __main__:train:111 - epoch:2,batch:7,
 loss:2630874.0 
 Res_cont:5.1527153118513525e-05                 
 Res_mx:1.9544346287148073e-05 
 Res_my:-1.80502756848e-05                
 Res_mz:-7.192716293502599e-05 
 Res_energy:-2.9416842153295875e-06                 
 Res_k:3.0571584701538086 
 Res_omega:1081396.0
2026-04-22 22:10:46.153 | INFO     | __main__:train:111 - epoch:2,batch:8,
 loss:2595552.5 
 Res_cont:5.523733489098959e-05                 
 Res_mx:2.1165960788493976e-05 
 Res_my:-1.9168044673278928e-05                
 Res_mz:-7.699307752773166e-05 
 Res_energy:-3.1109975680010393e-06                 
 Res_k:3.049858570098877 
 Res_omega:1075109.75
2026-04-22 22:10:46.281 | INFO     | __main__:train:111 - epoch:2,batch:9,
 loss:2761905.75 
 Res_cont:5.928097743890248e-05                 
 Res_mx:2.292550925631076e-05 
 Res_my:-2.0406698240549304e-05                
 Res_mz:-8.240669558290392e-05 
 Res_energy:-3.290601398475701e-06                 
 Res_k:3.042020797729492 
 Res_omega:1067626.875
2026-04-22 22:10:46.409 | INFO     | __main__:train:111 - epoch:2,batch:10,
 loss:2436063.0 
 Res_cont:6.348895112751052e-05                 
 Res_mx:2.478656460880302e-05 
 Res_my:-2.1649320842698216e-05                
 Res_mz:-8.816998160909861e-05 
 Res_energy:-3.4764887004712364e-06                 
 Res_k:3.033874034881592 
 Res_omega:1060982.0
2026-04-22 22:10:46.537 | INFO     | __main__:train:111 - epoch:2,batch:11,
 loss:2311257.5 
 Res_cont:6.873164238641039e-05                 
 Res_mx:2.6909525331575423e-05 
 Res_my:-2.3189593775896356e-05                
 Res_mz:-9.45446954574436e-05 
 Res_energy:-3.6946153159078676e-06                 
 Res_k:3.0254247188568115 
 Res_omega:1054514.25
2026-04-22 22:10:46.665 | INFO     | __main__:train:111 - epoch:2,batch:12,
 loss:2639468.25 
 Res_cont:7.390585960820317e-05                 
 Res_mx:2.9270089726196602e-05 
 Res_my:-2.4795310309855267e-05                
 Res_mz:-0.00010129896691069007 
 Res_energy:-3.920369636034593e-06                 
 Res_k:3.0163683891296387 
 Res_omega:1045854.3125
2026-04-22 22:10:46.797 | INFO     | __main__:train:111 - epoch:2,batch:13,
 loss:2815056.25 
 Res_cont:7.940325303934515e-05                 
 Res_mx:3.180913699907251e-05 
 Res_my:-2.641500577738043e-05                
 Res_mz:-0.000108587701106444 
 Res_energy:-4.160525350016542e-06                 
 Res_k:3.007112503051758 
 Res_omega:1036522.8125
2026-04-22 22:10:46.925 | INFO     | __main__:train:111 - epoch:2,batch:14,
 loss:2606362.25 
 Res_cont:8.585523755755275e-05                 
 Res_mx:3.454174293437973e-05 
 Res_my:-2.820673216774594e-05                
 Res_mz:-0.00011697434092639014 
 Res_energy:-4.436162271304056e-06                 
 Res_k:2.997300148010254 
 Res_omega:1026016.5
2026-04-22 22:10:47.058 | INFO     | __main__:train:111 - epoch:2,batch:15,
 loss:2359087.25 
 Res_cont:9.139200847130269e-05                 
 Res_mx:3.7623300158884376e-05 
 Res_my:-3.000425385835115e-05                
 Res_mz:-0.0001247349864570424 
 Res_energy:-4.6860623115208e-06                 
 Res_k:2.9869585037231445 
 Res_omega:1019958.125
2026-04-22 22:10:47.185 | INFO     | __main__:train:111 - epoch:2,batch:16,
 loss:2505835.25 
 Res_cont:9.897035488393158e-05                 
 Res_mx:4.09297390433494e-05 
 Res_my:-3.2130297768162563e-05                
 Res_mz:-0.00013431248953565955 
 Res_energy:-5.002795660402626e-06                 
 Res_k:2.976125717163086 
 Res_omega:1009035.375
2026-04-22 22:10:47.314 | INFO     | __main__:train:111 - epoch:2,batch:17,
 loss:2491809.0 
 Res_cont:0.00010611161997076124                 
 Res_mx:4.4567590521182865e-05 
 Res_my:-3.424397436901927e-05                
 Res_mz:-0.00014382667723111808 
 Res_energy:-5.311616405379027e-06                 
 Res_k:2.964890480041504 
 Res_omega:997157.25
2026-04-22 22:10:47.440 | INFO     | __main__:train:111 - epoch:2,batch:18,
 loss:2433813.75 
 Res_cont:0.00011382976663298905                 
 Res_mx:4.873679063166492e-05 
 Res_my:-3.6619290767703205e-05                
 Res_mz:-0.00015414998051710427 
 Res_energy:-5.648885235132184e-06                 
 Res_k:2.9528918266296387 
 Res_omega:986920.125
2026-04-22 22:10:47.570 | INFO     | __main__:train:111 - epoch:2,batch:19,
 loss:2416314.75 
 Res_cont:0.00012194500595796853                 
 Res_mx:5.3222123824525625e-05 
 Res_my:-3.91170360671822e-05                
 Res_mz:-0.00016488131950609386 
 Res_energy:-5.9978983699693345e-06                 
 Res_k:2.9403932094573975 
 Res_omega:975345.5625
2026-04-22 22:10:47.699 | INFO     | __main__:train:111 - epoch:2,batch:20,
 loss:2475242.0 
 Res_cont:0.0001312746317125857                 
 Res_mx:5.822210368933156e-05 
 Res_my:-4.1937644709832966e-05                
 Res_mz:-0.00017680766177363694 
 Res_energy:-6.390558155544568e-06                 
 Res_k:2.9271631240844727 
 Res_omega:963522.0
2026-04-22 22:10:47.827 | INFO     | __main__:train:111 - epoch:2,batch:21,
 loss:2320547.75 
 Res_cont:0.00014114737859927118                 
 Res_mx:6.357667734846473e-05 
 Res_my:-4.482454096432775e-05                
 Res_mz:-0.00018971925601363182 
 Res_energy:-6.807870704506058e-06                 
 Res_k:2.9134089946746826 
 Res_omega:951337.0
2026-04-22 22:10:47.953 | INFO     | __main__:train:111 - epoch:2,batch:22,
 loss:2250214.0 
 Res_cont:0.00015187774260994047                 
 Res_mx:6.969655078137293e-05 
 Res_my:-4.800215538125485e-05                
 Res_mz:-0.00020400973153300583 
 Res_energy:-7.271844879142009e-06                 
 Res_k:2.8987975120544434 
 Res_omega:935006.25
2026-04-22 22:10:48.083 | INFO     | __main__:train:111 - epoch:2,batch:23,
 loss:2444763.0 
 Res_cont:0.00016197895456571132                 
 Res_mx:7.63409843784757e-05 
 Res_my:-5.1156661356799304e-05                
 Res_mz:-0.00021800308604724705 
 Res_energy:-7.718850611126982e-06                 
 Res_k:2.883814811706543 
 Res_omega:918365.3125
2026-04-22 22:10:48.210 | INFO     | __main__:train:111 - epoch:2,batch:24,
 loss:2117062.0 
 Res_cont:0.00017450402083341032                 
 Res_mx:8.386242552660406e-05 
 Res_my:-5.494895231095143e-05                
 Res_mz:-0.00023448401771020144 
 Res_energy:-8.251419785665348e-06                 
 Res_k:2.866840124130249 
 Res_omega:906240.0
2026-04-22 22:10:48.337 | INFO     | __main__:train:111 - epoch:2,batch:25,
 loss:2396455.75 
 Res_cont:0.00018670786812435836                 
 Res_mx:9.204668458551168e-05 
 Res_my:-5.882194818696007e-05                
 Res_mz:-0.00025054143043234944 
 Res_energy:-8.774095476837829e-06                 
 Res_k:2.8503432273864746 
 Res_omega:887381.3125
2026-04-22 22:10:48.463 | INFO     | __main__:train:111 - epoch:2,batch:26,
 loss:2351435.0 
 Res_cont:0.0002000767708523199                 
 Res_mx:0.00010130018927156925 
 Res_my:-6.299726373981684e-05                
 Res_mz:-0.00026893519680015743 
 Res_energy:-9.3614544312004e-06                 
 Res_k:2.831880569458008 
 Res_omega:869577.6875
2026-04-22 22:10:48.589 | INFO     | __main__:train:111 - epoch:2,batch:27,
 loss:2287682.25 
 Res_cont:0.00021471481886692345                 
 Res_mx:0.00011136406101286411 
 Res_my:-6.752069748472422e-05                
 Res_mz:-0.0002884999557863921 
 Res_energy:-9.988776582758874e-06                 
 Res_k:2.8124184608459473 
 Res_omega:850273.375
2026-04-22 22:10:48.723 | INFO     | __main__:train:111 - epoch:2,batch:28,
 loss:2170669.5 
 Res_cont:0.00022940829512663186                 
 Res_mx:0.0001227010798174888 
 Res_my:-7.231551717268303e-05                
 Res_mz:-0.0003087299410253763 
 Res_energy:-1.0637154446158092e-05                 
 Res_k:2.792536735534668 
 Res_omega:829835.1875
2026-04-22 22:10:48.872 | INFO     | __main__:train:111 - epoch:2,batch:29,
 loss:2144055.5 
 Res_cont:0.00024434737861156464                 
 Res_mx:0.0001352777035208419 
 Res_my:-7.724504393991083e-05                
 Res_mz:-0.00033046951284632087 
 Res_energy:-1.1322639693389647e-05                 
 Res_k:2.771531105041504 
 Res_omega:809057.625
2026-04-22 22:10:49.008 | INFO     | __main__:train:111 - epoch:2,batch:30,
 loss:2341533.25 
 Res_cont:0.00026031542802229524                 
 Res_mx:0.00014926434960216284 
 Res_my:-8.220963354688138e-05                
 Res_mz:-0.0003553376591298729 
 Res_energy:-1.2089711162843741e-05                 
 Res_k:2.7496776580810547 
 Res_omega:783931.5
2026-04-22 22:10:49.143 | INFO     | __main__:train:111 - epoch:2,batch:31,
 loss:2556273.25 
 Res_cont:0.00027849944308400154                 
 Res_mx:0.0001647174940444529 
 Res_my:-8.818197238724679e-05                
 Res_mz:-0.0003804836014751345 
 Res_energy:-1.2890099242213182e-05                 
 Res_k:2.7256689071655273 
 Res_omega:756937.875
2026-04-22 22:10:49.270 | INFO     | __main__:train:111 - epoch:2,batch:32,
 loss:2201394.5 
 Res_cont:0.00029487250139936805                 
 Res_mx:0.00018191573326475918 
 Res_my:-9.374121873406693e-05                
 Res_mz:-0.00040737370727583766 
 Res_energy:-1.3712391591980122e-05                 
 Res_k:2.7017550468444824 
 Res_omega:730607.125
2026-04-22 22:10:49.395 | INFO     | __main__:train:111 - epoch:2,batch:33,
 loss:2103397.5 
 Res_cont:0.00031452608527615666                 
 Res_mx:0.0002013285702560097 
 Res_my:-0.00010058297630166635                
 Res_mz:-0.0004357545403763652 
 Res_energy:-1.4610051948693581e-05                 
 Res_k:2.6745903491973877 
 Res_omega:699931.75
2026-04-22 22:10:49.519 | INFO     | __main__:train:111 - epoch:2,batch:34,
 loss:2012630.875 
 Res_cont:0.00033279217313975096                 
 Res_mx:0.000222985225263983 
 Res_my:-0.0001072551094694063                
 Res_mz:-0.00046618550550192595 
 Res_energy:-1.554514528834261e-05                 
 Res_k:2.6477532386779785 
 Res_omega:667032.3125
2026-04-22 22:10:49.645 | INFO     | __main__:train:111 - epoch:2,batch:35,
 loss:2284391.75 
 Res_cont:0.0003525051870383322                 
 Res_mx:0.0002470796462148428 
 Res_my:-0.00011426662240410224                
 Res_mz:-0.0004993429756723344 
 Res_energy:-1.6552419765503146e-05                 
 Res_k:2.618215560913086 
 Res_omega:631498.0625
2026-04-22 22:10:49.773 | INFO     | __main__:train:111 - epoch:2,batch:36,
 loss:1868504.375 
 Res_cont:0.00037327350582927465                 
 Res_mx:0.00027423450956121087 
 Res_my:-0.00012174167204648256                
 Res_mz:-0.000535462808329612 
 Res_energy:-1.7642789316596463e-05                 
 Res_k:2.586979389190674 
 Res_omega:594961.9375
2026-04-22 22:10:49.907 | INFO     | __main__:train:111 - epoch:2,batch:37,
 loss:1916836.0 
 Res_cont:0.0003942824259866029                 
 Res_mx:0.00030414274078793824 
 Res_my:-0.00012970552779734135                
 Res_mz:-0.0005727658281102777 
 Res_energy:-1.8767506844596937e-05                 
 Res_k:2.554816961288452 
 Res_omega:553671.4375
2026-04-22 22:10:50.043 | INFO     | __main__:train:111 - epoch:2,batch:38,
 loss:2355112.75 
 Res_cont:0.0004087889101356268                 
 Res_mx:0.0003380819980520755 
 Res_my:-0.00013707591278944165                
 Res_mz:-0.0006099907914176583 
 Res_energy:-1.9832328689517453e-05                 
 Res_k:2.520507335662842 
 Res_omega:507729.4375
2026-04-22 22:10:50.170 | INFO     | __main__:train:111 - epoch:2,batch:39,
 loss:1771027.375 
 Res_cont:0.00042893574573099613                 
 Res_mx:0.00037561525823548436 
 Res_my:-0.00014570908388122916                
 Res_mz:-0.0006519081071019173 
 Res_energy:-2.1063737221993506e-05                 
 Res_k:2.4849114418029785 
 Res_omega:459573.46875
2026-04-22 22:10:50.296 | INFO     | __main__:train:111 - epoch:2,batch:40,
 loss:1932293.25 
 Res_cont:0.00044900039210915565                 
 Res_mx:0.00041755137499421835 
 Res_my:-0.00015444944438058883                
 Res_mz:-0.0006974791176617146 
 Res_energy:-2.237531589344144e-05                 
 Res_k:2.4474334716796875 
 Res_omega:404321.125
2026-04-22 22:10:50.421 | INFO     | __main__:train:111 - epoch:2,batch:41,
 loss:1846018.5 
 Res_cont:0.0004677950346376747                 
 Res_mx:0.0004656209493987262 
 Res_my:-0.00016340502770617604                
 Res_mz:-0.0007471271674148738 
 Res_energy:-2.377228156547062e-05                 
 Res_k:2.4073586463928223 
 Res_omega:345723.71875
2026-04-22 22:10:50.548 | INFO     | __main__:train:111 - epoch:2,batch:42,
 loss:1757981.125 
 Res_cont:0.0004852350684814155                 
 Res_mx:0.0005188148352317512 
 Res_my:-0.00017260643653571606                
 Res_mz:-0.0007983904215507209 
 Res_energy:-2.5191577151417732e-05                 
 Res_k:2.3648645877838135 
 Res_omega:278233.96875
2026-04-22 22:10:50.674 | INFO     | __main__:train:111 - epoch:2,batch:43,
 loss:1645643.375 
 Res_cont:0.0005040321266278625                 
 Res_mx:0.0005801412044093013 
 Res_my:-0.00018299426301382482                
 Res_mz:-0.0008544186130166054 
 Res_energy:-2.674431561899837e-05                 
 Res_k:2.3194098472595215 
 Res_omega:203461.0625
2026-04-22 22:10:50.800 | INFO     | __main__:train:111 - epoch:2,batch:44,
 loss:1879582.125 
 Res_cont:0.0005124056478962302                 
 Res_mx:0.0006447911728173494 
 Res_my:-0.00019251137564424425                
 Res_mz:-0.0009072357788681984 
 Res_energy:-2.8132428269600496e-05                 
 Res_k:2.2755165100097656 
 Res_omega:124269.15625
2026-04-22 22:10:50.930 | INFO     | __main__:train:111 - epoch:2,batch:45,
 loss:1492201.625 
 Res_cont:0.0005196811398491263                 
 Res_mx:0.0007207259768620133 
 Res_my:-0.00020129723998252302                
 Res_mz:-0.0009707731078378856 
 Res_energy:-2.973675145767629e-05                 
 Res_k:2.227243423461914 
 Res_omega:35672.9140625
2026-04-22 22:10:51.058 | INFO     | __main__:train:111 - epoch:2,batch:46,
 loss:1575916.25 
 Res_cont:0.0005305695231072605                 
 Res_mx:0.000806257245130837 
 Res_my:-0.0002113564551109448                
 Res_mz:-0.001038332935422659 
 Res_energy:-3.145176742691547e-05                 
 Res_k:2.1751744747161865 
 Res_omega:-66181.109375
2026-04-22 22:10:51.184 | INFO     | __main__:train:111 - epoch:2,batch:47,
 loss:1549473.375 
 Res_cont:0.0005288994871079922                 
 Res_mx:0.0008997718105092645 
 Res_my:-0.00022145113325677812                
 Res_mz:-0.0011032094480469823 
 Res_energy:-3.3018324756994843e-05                 
 Res_k:2.1231112480163574 
 Res_omega:-172404.578125
2026-04-22 22:10:51.310 | INFO     | __main__:train:111 - epoch:2,batch:48,
 loss:1878519.125 
 Res_cont:0.0005233341362327337                 
 Res_mx:0.0010037253377959132 
 Res_my:-0.00023030146257951856                
 Res_mz:-0.001175513956695795 
 Res_energy:-3.4679294913075864e-05                 
 Res_k:2.0692801475524902 
 Res_omega:-295703.125
2026-04-22 22:10:51.437 | INFO     | __main__:train:111 - epoch:2,batch:49,
 loss:1621029.625 
 Res_cont:0.000511059770360589                 
 Res_mx:0.00111940479837358 
 Res_my:-0.0002392601891187951                
 Res_mz:-0.0012495858827605844 
 Res_energy:-3.631042272900231e-05                 
 Res_k:2.013089895248413 
 Res_omega:-432859.09375
2026-04-22 22:10:51.564 | INFO     | __main__:train:111 - epoch:2,batch:50,
 loss:1712374.5 
 Res_cont:0.0004941184306517243                 
 Res_mx:0.0012524174526333809 
 Res_my:-0.0002457022201269865                
 Res_mz:-0.0013382092583924532 
 Res_energy:-3.815146192209795e-05                 
 Res_k:1.954235315322876 
 Res_omega:-600283.125
2026-04-22 22:10:51.690 | INFO     | __main__:train:111 - epoch:2,batch:51,
 loss:1761333.875 
 Res_cont:0.00046084128553047776                 
 Res_mx:0.0013941642828285694 
 Res_my:-0.00025470321998000145                
 Res_mz:-0.0014119589468464255 
 Res_energy:-3.95627212128602e-05                 
 Res_k:1.892897367477417 
 Res_omega:-765080.3125
2026-04-22 22:10:51.817 | INFO     | __main__:train:111 - epoch:2,batch:52,
 loss:1242499.25 
 Res_cont:0.0004215539083816111                 
 Res_mx:0.0015547698130831122 
 Res_my:-0.0002599704312160611                
 Res_mz:-0.0015036520780995488 
 Res_energy:-4.121110396226868e-05                 
 Res_k:1.8312461376190186 
 Res_omega:-966461.25
2026-04-22 22:10:51.942 | INFO     | __main__:train:111 - epoch:2,batch:53,
 loss:1680079.0 
 Res_cont:0.0003774358774535358                 
 Res_mx:0.0017385839018970728 
 Res_my:-0.0002659172751009464                
 Res_mz:-0.0015994231216609478 
 Res_energy:-4.2824045522138476e-05                 
 Res_k:1.7643420696258545 
 Res_omega:-1203524.25
2026-04-22 22:10:52.069 | INFO     | __main__:train:111 - epoch:2,batch:54,
 loss:1500714.875 
 Res_cont:0.000310865871142596                 
 Res_mx:0.0019248295575380325 
 Res_my:-0.0002693796996027231                
 Res_mz:-0.00169236003421247 
 Res_energy:-4.416112642502412e-05                 
 Res_k:1.7032618522644043 
 Res_omega:-1466402.75
2026-04-22 22:10:52.199 | INFO     | __main__:train:111 - epoch:2,batch:55,
 loss:1357903.875 
 Res_cont:0.000229204713832587                 
 Res_mx:0.0021481728181242943 
 Res_my:-0.00027086204499937594                
 Res_mz:-0.0017959016840904951 
 Res_energy:-4.543559407466091e-05                 
 Res_k:1.6329532861709595 
 Res_omega:-1772969.0
2026-04-22 22:10:52.326 | INFO     | __main__:train:111 - epoch:2,batch:56,
 loss:1399334.5 
 Res_cont:0.00012830973719246686                 
 Res_mx:0.0023822407238185406 
 Res_my:-0.00026758614694699645                
 Res_mz:-0.0019081789068877697 
 Res_energy:-4.661876300815493e-05                 
 Res_k:1.5676894187927246 
 Res_omega:-2127742.5
2026-04-22 22:10:52.452 | INFO     | __main__:train:111 - epoch:2,batch:57,
 loss:1364803.5 
 Res_cont:1.8673450540518388e-05                 
 Res_mx:0.0026271273382008076 
 Res_my:-0.0002675884170457721                
 Res_mz:-0.002008459297940135 
 Res_energy:-4.7400943003594875e-05                 
 Res_k:1.5029634237289429 
 Res_omega:-2519727.0
2026-04-22 22:10:52.580 | INFO     | __main__:train:111 - epoch:2,batch:58,
 loss:1554135.875 
 Res_cont:-0.00011238538718316704                 
 Res_mx:0.002916061319410801 
 Res_my:-0.00026054662885144353                
 Res_mz:-0.0021309047006070614 
 Res_energy:-4.814492422156036e-05                 
 Res_k:1.4319344758987427 
 Res_omega:-2989485.25
2026-04-22 22:10:52.719 | INFO     | __main__:train:111 - epoch:2,batch:59,
 loss:1321946.5 
 Res_cont:-0.0002634150441735983                 
 Res_mx:0.003211432369425893 
 Res_my:-0.00025164321414195                
 Res_mz:-0.0022504879161715508 
 Res_energy:-4.8536625399719924e-05                 
 Res_k:1.3659470081329346 
 Res_omega:-3529483.25
2026-04-22 22:10:52.725 | INFO     | __main__:train:156 - epoch:2,
 train_loss_average:2121094.7923728814 
             Res_cont_average:0.00023195977947749671 
 Res_mx_average:0.0005462238399312641 
 Res_my_average:-0.00011400985743621586            
 Res_mz_average:-0.0006164501530786195 
 Res_energy_average:-1.784820800189741e-05             
 Res_k_average:2.5664031687429394 
 Res_omega_average:302405.7829713983
2026-04-22 22:10:52.725 | INFO     | __main__:train:166 - 第2轮训练集训练完成,开始验证集校验工作
2026-04-22 22:10:52.733 | INFO     | __main__:train:183 - epoch:2,batch:1,
 loss:1833399.25 
2026-04-22 22:10:52.776 | INFO     | __main__:train:183 - epoch:2,batch:2,
 loss:425904.75 
2026-04-22 22:10:52.779 | INFO     | __main__:train:183 - epoch:2,batch:3,
 loss:1528213.375 
2026-04-22 22:10:52.781 | INFO     | __main__:train:183 - epoch:2,batch:4,
 loss:449264.5625 
2026-04-22 22:10:52.784 | INFO     | __main__:train:183 - epoch:2,batch:5,
 loss:1633852.875 
2026-04-22 22:10:52.787 | INFO     | __main__:train:183 - epoch:2,batch:6,
 loss:470116.15625 
2026-04-22 22:10:52.790 | INFO     | __main__:train:183 - epoch:2,batch:7,
 loss:1080478.625 
2026-04-22 22:10:52.792 | INFO     | __main__:train:183 - epoch:2,batch:8,
 loss:280952.15625 
2026-04-22 22:10:52.792 | INFO     | __main__:train:195 - epoch:2,
 val_loss_average:962772.71875
2026-04-22 22:10:52.792 | INFO     | __main__:train:199 - 第2轮验证集评估完成，开始判断是否保存本轮权重
2026-04-22 22:10:52.793 | INFO     | __main__:train:213 - 删除了先前的第1轮权重
2026-04-22 22:10:52.799 | INFO     | __main__:train:218 - 保存了当前的第2轮权重,最好效果为962772.71875
2026-04-22 22:10:52.799 | INFO     | __main__:train:223 - 开始绘图
2026-04-22 22:10:53.043 | INFO     | __main__:train:226 - 绘图完成
2026-04-22 22:10:53.043 | INFO     | __main__:train:227 - 第2轮训练全部完成
2026-04-22 22:10:53.043 | INFO     | __main__:train:84 - 第3轮训练开始，训练集开始训练
2026-04-22 22:10:53.164 | INFO     | __main__:train:111 - epoch:3,batch:1,
 loss:1356433.25 
 Res_cont:-0.00043557072058320045                 
 Res_mx:0.0035320650786161423 
 Res_my:-0.0002412933827145025                
 Res_mz:-0.0023699153680354357 
 Res_energy:-4.850648110732436e-05                 
 Res_k:1.2978239059448242 
 Res_omega:-4146846.5
2026-04-22 22:10:53.295 | INFO     | __main__:train:111 - epoch:3,batch:2,
 loss:1320936.875 
 Res_cont:-0.0006178964395076036                 
 Res_mx:0.003874280024319887 
 Res_my:-0.00022342009469866753                
 Res_mz:-0.00250620162114501 
 Res_energy:-4.83589137729723e-05                 
 Res_k:1.2328951358795166 
 Res_omega:-4834627.0
2026-04-22 22:10:53.422 | INFO     | __main__:train:111 - epoch:3,batch:3,
 loss:1239423.75 
 Res_cont:-0.000804081792011857                 
 Res_mx:0.00427230354398489 
 Res_my:-0.0002035177021753043                
 Res_mz:-0.0026504569686949253 
 Res_energy:-4.768883445649408e-05                 
 Res_k:1.1618361473083496 
 Res_omega:-5729056.0
2026-04-22 22:10:53.553 | INFO     | __main__:train:111 - epoch:3,batch:4,
 loss:1298536.0 
 Res_cont:-0.0010474773589521646                 
 Res_mx:0.004630447831004858 
 Res_my:-0.00018168683163821697                
 Res_mz:-0.0027780840173363686 
 Res_energy:-4.65426710434258e-05                 
 Res_k:1.102447271347046 
 Res_omega:-6586328.5
2026-04-22 22:10:53.679 | INFO     | __main__:train:111 - epoch:3,batch:5,
 loss:1177801.875 
 Res_cont:-0.0012599264737218618                 
 Res_mx:0.005044140852987766 
 Res_my:-0.0001527953427284956                
 Res_mz:-0.0029324188362807035 
 Res_energy:-4.524975156527944e-05                 
 Res_k:1.0415678024291992 
 Res_omega:-7672418.5
2026-04-22 22:10:53.805 | INFO     | __main__:train:111 - epoch:3,batch:6,
 loss:1026381.1875 
 Res_cont:-0.0015164075884968042                 
 Res_mx:0.0054580471478402615 
 Res_my:-0.00012148865789640695                
 Res_mz:-0.003074022475630045 
 Res_energy:-4.315664409659803e-05                 
 Res_k:0.9821686744689941 
 Res_omega:-8781934.0
2026-04-22 22:10:53.931 | INFO     | __main__:train:111 - epoch:3,batch:7,
 loss:1290442.25 
 Res_cont:-0.0017630772199481726                 
 Res_mx:0.005902837961912155 
 Res_my:-8.710181282367557e-05                
 Res_mz:-0.0032235400285571814 
 Res_energy:-4.0605686081107706e-05                 
 Res_k:0.9234017729759216 
 Res_omega:-10137103.0
2026-04-22 22:10:54.063 | INFO     | __main__:train:111 - epoch:3,batch:8,
 loss:1338801.625 
 Res_cont:-0.0020549031905829906                 
 Res_mx:0.006310431752353907 
 Res_my:-5.1209171942900866e-05                
 Res_mz:-0.0033597382716834545 
 Res_energy:-3.769957766053267e-05                 
 Res_k:0.8721378445625305 
 Res_omega:-11410590.0
2026-04-22 22:10:54.197 | INFO     | __main__:train:111 - epoch:3,batch:9,
 loss:1228602.125 
 Res_cont:-0.0023283660411834717                 
 Res_mx:0.006740524433553219 
 Res_my:-9.519164450466633e-06                
 Res_mz:-0.00351031799800694 
 Res_energy:-3.458463106653653e-05                 
 Res_k:0.8239955902099609 
 Res_omega:-12883044.0
2026-04-22 22:10:54.322 | INFO     | __main__:train:111 - epoch:3,batch:10,
 loss:1293157.5 
 Res_cont:-0.0025795509573072195                 
 Res_mx:0.007225624285638332 
 Res_my:4.3271706090308726e-05                
 Res_mz:-0.0036810641176998615 
 Res_energy:-3.071905666729435e-05                 
 Res_k:0.7731115818023682 
 Res_omega:-14597193.0
2026-04-22 22:10:54.454 | INFO     | __main__:train:111 - epoch:3,batch:11,
 loss:1220768.125 
 Res_cont:-0.0028307351749390364                 
 Res_mx:0.007593244779855013 
 Res_my:7.981785893207416e-05                
 Res_mz:-0.003807807806879282 
 Res_energy:-2.747412509052083e-05                 
 Res_k:0.7370442748069763 
 Res_omega:-16033807.0
2026-04-22 22:10:54.584 | INFO     | __main__:train:111 - epoch:3,batch:12,
 loss:1068728.625 
 Res_cont:-0.0030733461026102304                 
 Res_mx:0.008023306727409363 
 Res_my:0.0001303842873312533                
 Res_mz:-0.003957530949264765 
 Res_energy:-2.331101495656185e-05                 
 Res_k:0.6969442367553711 
 Res_omega:-17698584.0
2026-04-22 22:10:54.712 | INFO     | __main__:train:111 - epoch:3,batch:13,
 loss:1340048.5 
 Res_cont:-0.0033613163977861404                 
 Res_mx:0.00838620774447918 
 Res_my:0.00017348094843328                
 Res_mz:-0.004078301601111889 
 Res_energy:-1.9176672140019946e-05                 
 Res_k:0.6629087924957275 
 Res_omega:-19239068.0
2026-04-22 22:10:54.841 | INFO     | __main__:train:111 - epoch:3,batch:14,
 loss:883220.6875 
 Res_cont:-0.00358374509960413                 
 Res_mx:0.008780811913311481 
 Res_my:0.00022220415121410042                
 Res_mz:-0.004209054633975029 
 Res_energy:-1.4605802789446898e-05                 
 Res_k:0.6285086870193481 
 Res_omega:-20894332.0
2026-04-22 22:10:54.972 | INFO     | __main__:train:111 - epoch:3,batch:15,
 loss:1148368.375 
 Res_cont:-0.003796858713030815                 
 Res_mx:0.009134307503700256 
 Res_my:0.0002724682562984526                
 Res_mz:-0.004342812113463879 
 Res_energy:-1.0649708201526664e-05                 
 Res_k:0.6015588045120239 
 Res_omega:-22454752.0
2026-04-22 22:10:55.100 | INFO     | __main__:train:111 - epoch:3,batch:16,
 loss:1183732.5 
 Res_cont:-0.00400956254452467                 
 Res_mx:0.009473034180700779 
 Res_my:0.00032307321089319885                
 Res_mz:-0.004476352594792843 
 Res_energy:-6.862856935185846e-06                 
 Res_k:0.5773928165435791 
 Res_omega:-24232320.0
2026-04-22 22:10:55.230 | INFO     | __main__:train:111 - epoch:3,batch:17,
 loss:1056895.125 
 Res_cont:-0.0041823117062449455                 
 Res_mx:0.009734420105814934 
 Res_my:0.0003524029743857682                
 Res_mz:-0.004545354284346104 
 Res_energy:-2.7086939553555567e-06                 
 Res_k:0.5546674728393555 
 Res_omega:-25369808.0
2026-04-22 22:10:55.358 | INFO     | __main__:train:111 - epoch:3,batch:18,
 loss:1289633.5 
 Res_cont:-0.004357336089015007                 
 Res_mx:0.010000676847994328 
 Res_my:0.0003919265291187912                
 Res_mz:-0.0046385969035327435 
 Res_energy:9.984782991523389e-07                 
 Res_k:0.5349016785621643 
 Res_omega:-26788324.0
2026-04-22 22:10:55.487 | INFO     | __main__:train:111 - epoch:3,batch:19,
 loss:1586163.375 
 Res_cont:-0.0044995141215622425                 
 Res_mx:0.010282060131430626 
 Res_my:0.00044275884283706546                
 Res_mz:-0.004755396395921707 
 Res_energy:4.489224465942243e-06                 
 Res_k:0.5173617601394653 
 Res_omega:-28107194.0
2026-04-22 22:10:55.615 | INFO     | __main__:train:111 - epoch:3,batch:20,
 loss:823199.625 
 Res_cont:-0.004628608003258705                 
 Res_mx:0.010423742234706879 
 Res_my:0.0004587948205880821                
 Res_mz:-0.004799176007509232 
 Res_energy:6.529750407935353e-06                 
 Res_k:0.5071154832839966 
 Res_omega:-28756886.0
2026-04-22 22:10:55.742 | INFO     | __main__:train:111 - epoch:3,batch:21,
 loss:991702.5 
 Res_cont:-0.004686565138399601                 
 Res_mx:0.01066761463880539 
 Res_my:0.0004995658528059721                
 Res_mz:-0.004877614323049784 
 Res_energy:1.0423787898616865e-05                 
 Res_k:0.4906090497970581 
 Res_omega:-30175748.0
2026-04-22 22:10:55.871 | INFO     | __main__:train:111 - epoch:3,batch:22,
 loss:1317177.625 
 Res_cont:-0.004812280647456646                 
 Res_mx:0.010759918950498104 
 Res_my:0.0005146348848938942                
 Res_mz:-0.004917520098388195 
 Res_energy:1.1578129488043487e-05                 
 Res_k:0.48502930998802185 
 Res_omega:-30858312.0
2026-04-22 22:10:56.000 | INFO     | __main__:train:111 - epoch:3,batch:23,
 loss:1331881.625 
 Res_cont:-0.004869423341006041                 
 Res_mx:0.010900466702878475 
 Res_my:0.0005396220367401838                
 Res_mz:-0.004960129968822002 
 Res_energy:1.4043531336938031e-05                 
 Res_k:0.4748794734477997 
 Res_omega:-31414848.0
2026-04-22 22:10:56.127 | INFO     | __main__:train:111 - epoch:3,batch:24,
 loss:1603361.75 
 Res_cont:-0.004911195486783981                 
 Res_mx:0.010971283540129662 
 Res_my:0.0005495917284861207                
 Res_mz:-0.004978470504283905 
 Res_energy:1.5217068721540272e-05                 
 Res_k:0.4700482487678528 
 Res_omega:-31703360.0
