2026-04-22 20:50:07.614 | INFO     | __main__:train:67 - 开始训练
2026-04-22 20:50:07.614 | INFO     | __main__:train:84 - 第1轮训练开始，训练集开始训练
2026-04-22 20:50:07.997 | INFO     | __main__:train:111 - epoch:1,batch:1,
 loss:2823812.5 
                 Res_cont:3.6737417303811526e-06 
 Res_mx:8.721996209715144e-07 
 Res_my:-2.173021584894741e-06                
 Res_mz:3.933687366952654e-06 
 Res_energy:-3.6995538721384946e-07                 
 Res_k:3.281642436981201 
 Res_omega:1283829.5
2026-04-22 20:50:08.228 | INFO     | __main__:train:111 - epoch:1,batch:2,
 loss:2755367.25 
                 Res_cont:3.7332106330723036e-06 
 Res_mx:9.354588996757229e-07 
 Res_my:-2.2309850464807823e-06                
 Res_mz:3.606078962548054e-06 
 Res_energy:-3.8207264196898905e-07                 
 Res_k:3.279277801513672 
 Res_omega:1281045.0
2026-04-22 20:50:08.344 | INFO     | __main__:train:111 - epoch:1,batch:3,
 loss:3315129.25 
                 Res_cont:3.822260623564944e-06 
 Res_mx:1.0132614534086315e-06 
 Res_my:-2.311332536919508e-06                
 Res_mz:3.2846032809175085e-06 
 Res_energy:-3.957471790272393e-07                 
 Res_k:3.2769088745117188 
 Res_omega:1277860.75
2026-04-22 20:50:08.461 | INFO     | __main__:train:111 - epoch:1,batch:4,
 loss:2806717.5 
                 Res_cont:3.914687113137916e-06 
 Res_mx:1.0974965789500857e-06 
 Res_my:-2.387521817581728e-06                
 Res_mz:2.976047198899323e-06 
 Res_energy:-4.093850805020338e-07                 
 Res_k:3.274550437927246 
 Res_omega:1276523.75
2026-04-22 20:50:08.580 | INFO     | __main__:train:111 - epoch:1,batch:5,
 loss:2980551.75 
                 Res_cont:3.96518817069591e-06 
 Res_mx:1.1401444908187841e-06 
 Res_my:-2.4403748284385074e-06                
 Res_mz:2.6806783353094943e-06 
 Res_energy:-4.193712470623723e-07                 
 Res_k:3.2721927165985107 
 Res_omega:1275117.75
2026-04-22 20:50:08.702 | INFO     | __main__:train:111 - epoch:1,batch:6,
 loss:2940133.25 
                 Res_cont:4.07744573749369e-06 
 Res_mx:1.2155768445154536e-06 
 Res_my:-2.5371350602654275e-06                
 Res_mz:2.371007667534286e-06 
 Res_energy:-4.3514609160411055e-07                 
 Res_k:3.2698323726654053 
 Res_omega:1271218.0
2026-04-22 20:50:08.821 | INFO     | __main__:train:111 - epoch:1,batch:7,
 loss:2831624.25 
                 Res_cont:4.090516995347571e-06 
 Res_mx:1.2437888017302612e-06 
 Res_my:-2.6002899176091887e-06                
 Res_mz:2.116085397574352e-06 
 Res_energy:-4.4269714294387086e-07                 
 Res_k:3.2674732208251953 
 Res_omega:1269611.75
2026-04-22 20:50:08.943 | INFO     | __main__:train:111 - epoch:1,batch:8,
 loss:2913410.25 
                 Res_cont:4.205262939649401e-06 
 Res_mx:1.3185378975322237e-06 
 Res_my:-2.6513409920880804e-06                
 Res_mz:1.7984034457185771e-06 
 Res_energy:-4.551703227662074e-07                 
 Res_k:3.2651076316833496 
 Res_omega:1266326.75
2026-04-22 20:50:09.064 | INFO     | __main__:train:111 - epoch:1,batch:9,
 loss:2951361.0 
                 Res_cont:4.261141839378979e-06 
 Res_mx:1.3548662991524907e-06 
 Res_my:-2.7332923764333827e-06                
 Res_mz:1.5352509308286244e-06 
 Res_energy:-4.65712844288646e-07                 
 Res_k:3.2627463340759277 
 Res_omega:1265104.625
2026-04-22 20:50:09.188 | INFO     | __main__:train:111 - epoch:1,batch:10,
 loss:3019506.25 
                 Res_cont:4.321322194300592e-06 
 Res_mx:1.3949245385447284e-06 
 Res_my:-2.8140261747466866e-06                
 Res_mz:1.2762945971189765e-06 
 Res_energy:-4.753401867674256e-07                 
 Res_k:3.2603769302368164 
 Res_omega:1263936.0
2026-04-22 20:50:09.312 | INFO     | __main__:train:111 - epoch:1,batch:11,
 loss:2803503.5 
                 Res_cont:4.362863819551421e-06 
 Res_mx:1.4141801329969894e-06 
 Res_my:-2.8428480618458707e-06                
 Res_mz:1.0069636573462049e-06 
 Res_energy:-4.801007662535994e-07                 
 Res_k:3.2580065727233887 
 Res_omega:1263132.25
2026-04-22 20:50:09.432 | INFO     | __main__:train:111 - epoch:1,batch:12,
 loss:2946491.0 
                 Res_cont:4.48950004283688e-06 
 Res_mx:1.502407030784525e-06 
 Res_my:-2.9498792173399124e-06                
 Res_mz:7.022327963568387e-07 
 Res_energy:-4.976340051143779e-07                 
 Res_k:3.255624294281006 
 Res_omega:1259221.75
2026-04-22 20:50:09.552 | INFO     | __main__:train:111 - epoch:1,batch:13,
 loss:3091682.5 
                 Res_cont:4.5592196329380386e-06 
 Res_mx:1.5283321772585623e-06 
 Res_my:-2.9755447030765936e-06                
 Res_mz:4.1418252294533886e-07 
 Res_energy:-5.065982691121462e-07                 
 Res_k:3.253248691558838 
 Res_omega:1256936.875
2026-04-22 20:50:09.672 | INFO     | __main__:train:111 - epoch:1,batch:14,
 loss:2752215.5 
                 Res_cont:4.660611921281088e-06 
 Res_mx:1.5943214748403989e-06 
 Res_my:-3.0707956284459215e-06                
 Res_mz:1.307313368670293e-07 
 Res_energy:-5.199659653953859e-07                 
 Res_k:3.250854969024658 
 Res_omega:1256011.75
2026-04-22 20:50:09.793 | INFO     | __main__:train:111 - epoch:1,batch:15,
 loss:2786828.75 
                 Res_cont:4.686390184360789e-06 
 Res_mx:1.6011108527891338e-06 
 Res_my:-3.1071481316757854e-06                
 Res_mz:-1.0957502638575534e-07 
 Res_energy:-5.236461788626912e-07                 
 Res_k:3.248453378677368 
 Res_omega:1252731.0
2026-04-22 20:50:09.914 | INFO     | __main__:train:111 - epoch:1,batch:16,
 loss:2999114.5 
                 Res_cont:4.801227532880148e-06 
 Res_mx:1.6655249055474997e-06 
 Res_my:-3.1531762942904606e-06                
 Res_mz:-4.2579321757330035e-07 
 Res_energy:-5.344458031686372e-07                 
 Res_k:3.2460343837738037 
 Res_omega:1251325.0
2026-04-22 20:50:10.034 | INFO     | __main__:train:111 - epoch:1,batch:17,
 loss:2733722.75 
                 Res_cont:4.921505478705512e-06 
 Res_mx:1.7275283425988164e-06 
 Res_my:-3.2862135412869975e-06                
 Res_mz:-7.081858370838745e-07 
 Res_energy:-5.487038379214937e-07                 
 Res_k:3.2435925006866455 
 Res_omega:1248396.5
2026-04-22 20:50:10.155 | INFO     | __main__:train:111 - epoch:1,batch:18,
 loss:2960579.0 
                 Res_cont:5.083102223579772e-06 
 Res_mx:1.7949548691831296e-06 
 Res_my:-3.306161943328334e-06                
 Res_mz:-1.084583800547989e-06 
 Res_energy:-5.65365667171136e-07                 
 Res_k:3.2411656379699707 
 Res_omega:1245742.5
2026-04-22 20:50:10.275 | INFO     | __main__:train:111 - epoch:1,batch:19,
 loss:2894629.25 
                 Res_cont:5.086852070235182e-06 
 Res_mx:1.8062835351884132e-06 
 Res_my:-3.4051663533318788e-06                
 Res_mz:-1.3045028026681393e-06 
 Res_energy:-5.709550805477193e-07                 
 Res_k:3.2387027740478516 
 Res_omega:1243574.5
2026-04-22 20:50:10.398 | INFO     | __main__:train:111 - epoch:1,batch:20,
 loss:2795999.0 
                 Res_cont:5.279604010866024e-06 
 Res_mx:1.8938881112262607e-06 
 Res_my:-3.4587530990393134e-06                
 Res_mz:-1.6781912108854158e-06 
 Res_energy:-5.854816436112742e-07                 
 Res_k:3.2362303733825684 
 Res_omega:1242732.25
2026-04-22 20:50:10.522 | INFO     | __main__:train:111 - epoch:1,batch:21,
 loss:3025467.75 
                 Res_cont:5.34502896698541e-06 
 Res_mx:1.922364845086122e-06 
 Res_my:-3.5058822049904848e-06                
 Res_mz:-1.991469162021531e-06 
 Res_energy:-5.967532956674404e-07                 
 Res_k:3.2337512969970703 
 Res_omega:1238900.0
2026-04-22 20:50:10.645 | INFO     | __main__:train:111 - epoch:1,batch:22,
 loss:2721204.25 
                 Res_cont:5.407963726611342e-06 
 Res_mx:1.972290647245245e-06 
 Res_my:-3.5564676181820687e-06                
 Res_mz:-2.294710611749906e-06 
 Res_energy:-6.032933015376329e-07                 
 Res_k:3.2312355041503906 
 Res_omega:1235940.5
2026-04-22 20:50:10.767 | INFO     | __main__:train:111 - epoch:1,batch:23,
 loss:2809799.0 
                 Res_cont:5.581562618317548e-06 
 Res_mx:2.0322968339314684e-06 
 Res_my:-3.609746499932953e-06                
 Res_mz:-2.689122993615456e-06 
 Res_energy:-6.204962232914113e-07                 
 Res_k:3.228726863861084 
 Res_omega:1236638.75
2026-04-22 20:50:10.890 | INFO     | __main__:train:111 - epoch:1,batch:24,
 loss:2738937.0 
                 Res_cont:5.743025212723296e-06 
 Res_mx:2.1156176899239654e-06 
 Res_my:-3.716989567692508e-06                
 Res_mz:-3.0654714464617427e-06 
 Res_energy:-6.356935955409426e-07                 
 Res_k:3.2261576652526855 
 Res_omega:1233060.0
2026-04-22 20:50:11.012 | INFO     | __main__:train:111 - epoch:1,batch:25,
 loss:2669409.75 
                 Res_cont:5.841902293468593e-06 
 Res_mx:2.1627747628372163e-06 
 Res_my:-3.776747689698823e-06                
 Res_mz:-3.4228219192300458e-06 
 Res_energy:-6.441982804972213e-07                 
 Res_k:3.223567247390747 
 Res_omega:1231649.25
2026-04-22 20:50:11.135 | INFO     | __main__:train:111 - epoch:1,batch:26,
 loss:2883106.5 
                 Res_cont:6.041890628694091e-06 
 Res_mx:2.2367639758158475e-06 
 Res_my:-3.841249963443261e-06                
 Res_mz:-3.844225375360111e-06 
 Res_energy:-6.60483408410073e-07                 
 Res_k:3.220960855484009 
 Res_omega:1227763.0
2026-04-22 20:50:11.261 | INFO     | __main__:train:111 - epoch:1,batch:27,
 loss:2747745.5 
                 Res_cont:6.1475770962715615e-06 
 Res_mx:2.290407110194792e-06 
 Res_my:-3.907155132765183e-06                
 Res_mz:-4.217382866045227e-06 
 Res_energy:-6.721645604557125e-07                 
 Res_k:3.2183310985565186 
 Res_omega:1226466.75
2026-04-22 20:50:11.385 | INFO     | __main__:train:111 - epoch:1,batch:28,
 loss:2868319.0 
                 Res_cont:6.43853400106309e-06 
 Res_mx:2.394965804342064e-06 
 Res_my:-3.997476142103551e-06                
 Res_mz:-4.7286966946558096e-06 
 Res_energy:-6.940369985386496e-07                 
 Res_k:3.2156708240509033 
 Res_omega:1222769.125
2026-04-22 20:50:11.515 | INFO     | __main__:train:111 - epoch:1,batch:29,
 loss:2697155.0 
                 Res_cont:6.6211778175784275e-06 
 Res_mx:2.458525159454439e-06 
 Res_my:-4.059935690747807e-06                
 Res_mz:-5.180306288821157e-06 
 Res_energy:-7.096208491930156e-07                 
 Res_k:3.2129909992218018 
 Res_omega:1221173.875
